#! /usr/local/bin/vvp
:ivl_version "12.0 (stable)";
:ivl_delay_selection "TYPICAL";
:vpi_time_precision - 12;
:vpi_module "/usr/local/lib/ivl/system.vpi";
:vpi_module "/usr/local/lib/ivl/vhdl_sys.vpi";
:vpi_module "/usr/local/lib/ivl/vhdl_textio.vpi";
:vpi_module "/usr/local/lib/ivl/v2005_math.vpi";
:vpi_module "/usr/local/lib/ivl/va_math.vpi";
:vpi_module "/usr/local/lib/ivl/v2009.vpi";
S_0xf3cbf0 .scope package, "$unit" "$unit" 2 1;
 .timescale 0 0;
P_0xf5ac10 .param/l "OPC_ADD" 1 3 23, C4<0000>;
P_0xf5ac50 .param/l "OPC_ADDI" 1 3 30, C4<0111>;
P_0xf5ac90 .param/l "OPC_AND" 1 3 25, C4<0010>;
P_0xf5acd0 .param/l "OPC_BEQ" 1 3 33, C4<1010>;
P_0xf5ad10 .param/l "OPC_BNE" 1 3 34, C4<1011>;
P_0xf5ad50 .param/l "OPC_J" 1 3 35, C4<1100>;
P_0xf5ad90 .param/l "OPC_JAL" 1 3 36, C4<1101>;
P_0xf5add0 .param/l "OPC_JR" 1 3 37, C4<1110>;
P_0xf5ae10 .param/l "OPC_LW" 1 3 31, C4<1000>;
P_0xf5ae50 .param/l "OPC_OR" 1 3 26, C4<0011>;
P_0xf5ae90 .param/l "OPC_SLL" 1 3 28, C4<0101>;
P_0xf5aed0 .param/l "OPC_SLT" 1 3 27, C4<0100>;
P_0xf5af10 .param/l "OPC_SRL" 1 3 29, C4<0110>;
P_0xf5af50 .param/l "OPC_SUB" 1 3 24, C4<0001>;
P_0xf5af90 .param/l "OPC_SW" 1 3 32, C4<1001>;
S_0xfa4a90 .scope module, "top" "top" 4 4;
 .timescale -9 -12;
v0xff8e50_0 .var "clk", 0 0;
v0xff8f80_0 .var "rst", 0 0;
S_0xfa41d0 .scope module, "uut" "RISC_Processor" 4 9, 3 519 0, S_0xfa4a90;
 .timescale -9 -12;
    .port_info 0 /INPUT 1 "clk";
    .port_info 1 /INPUT 1 "rst";
L_0xffa030 .functor BUFZ 16, v0xff8350_0, C4<0000000000000000>, C4<0000000000000000>, C4<0000000000000000>;
L_0xff9340 .functor OR 1, L_0x100b9a0, L_0x100bde0, C4<0>, C4<0>;
L_0x100aa70 .functor AND 1, L_0xff9340, v0xfe6c90_0, C4<1>, C4<1>;
v0xff3820_0 .net *"_ivl_13", 0 0, L_0xff9690;  1 drivers
v0xff3920_0 .net *"_ivl_14", 9 0, L_0xff9730;  1 drivers
v0xff3a00_0 .net *"_ivl_16", 15 0, L_0xff9a20;  1 drivers
L_0x7f930a91e0f0 .functor BUFT 1, C4<0000000000000001>, C4<0>, C4<0>, C4<0>;
v0xff3ac0_0 .net/2u *"_ivl_28", 15 0, L_0x7f930a91e0f0;  1 drivers
v0xff3ba0_0 .net *"_ivl_30", 15 0, L_0x100a9d0;  1 drivers
v0xff3c80_0 .net *"_ivl_32", 15 0, L_0x100abb0;  1 drivers
L_0x7f930a91e138 .functor BUFT 1, C4<1110>, C4<0>, C4<0>, C4<0>;
v0xff3d60_0 .net/2u *"_ivl_36", 3 0, L_0x7f930a91e138;  1 drivers
v0xff3e40_0 .net *"_ivl_38", 0 0, L_0x100af60;  1 drivers
L_0x7f930a91e180 .functor BUFT 1, C4<0000>, C4<0>, C4<0>, C4<0>;
v0xff3f00_0 .net/2u *"_ivl_40", 3 0, L_0x7f930a91e180;  1 drivers
v0xff4070_0 .net *"_ivl_42", 15 0, L_0x100b090;  1 drivers
v0xff4150_0 .net *"_ivl_47", 0 0, L_0x100b360;  1 drivers
v0xff4230_0 .net *"_ivl_48", 9 0, L_0x100b1d0;  1 drivers
v0xff4310_0 .net *"_ivl_50", 15 0, L_0x100b700;  1 drivers
L_0x7f930a91e1c8 .functor BUFT 1, C4<1100>, C4<0>, C4<0>, C4<0>;
v0xff43f0_0 .net/2u *"_ivl_54", 3 0, L_0x7f930a91e1c8;  1 drivers
v0xff44d0_0 .net *"_ivl_56", 0 0, L_0x100b8b0;  1 drivers
L_0x7f930a91e210 .functor BUFT 1, C4<1101>, C4<0>, C4<0>, C4<0>;
v0xff4590_0 .net/2u *"_ivl_58", 3 0, L_0x7f930a91e210;  1 drivers
v0xff4670_0 .net *"_ivl_60", 0 0, L_0x100b7a0;  1 drivers
L_0x7f930a91e258 .functor BUFT 1, C4<1110>, C4<0>, C4<0>, C4<0>;
v0xff4820_0 .net/2u *"_ivl_62", 3 0, L_0x7f930a91e258;  1 drivers
v0xff48c0_0 .net *"_ivl_64", 0 0, L_0x100bb50;  1 drivers
L_0x7f930a91e2a0 .functor BUFT 1, C4<1010>, C4<0>, C4<0>, C4<0>;
v0xff4960_0 .net/2u *"_ivl_66", 3 0, L_0x7f930a91e2a0;  1 drivers
v0xff4a40_0 .net *"_ivl_68", 0 0, L_0x100b9a0;  1 drivers
L_0x7f930a91e2e8 .functor BUFT 1, C4<1011>, C4<0>, C4<0>, C4<0>;
v0xff4b00_0 .net/2u *"_ivl_70", 3 0, L_0x7f930a91e2e8;  1 drivers
v0xff4be0_0 .net *"_ivl_72", 0 0, L_0x100bde0;  1 drivers
v0xff4ca0_0 .net *"_ivl_75", 0 0, L_0xff9340;  1 drivers
v0xff4d60_0 .net *"_ivl_77", 0 0, L_0x100aa70;  1 drivers
L_0x7f930a91e330 .functor BUFT 1, C4<0000000000000001>, C4<0>, C4<0>, C4<0>;
v0xff4e20_0 .net/2u *"_ivl_78", 15 0, L_0x7f930a91e330;  1 drivers
v0xff4f00_0 .net *"_ivl_80", 15 0, L_0x100c010;  1 drivers
v0xff4fe0_0 .net *"_ivl_82", 15 0, L_0x100c170;  1 drivers
v0xff50c0_0 .net *"_ivl_84", 15 0, L_0x100c310;  1 drivers
v0xff51a0_0 .net *"_ivl_86", 15 0, L_0x100c4a0;  1 drivers
v0xff5280_0 .net "alu_out", 15 0, v0xfe6bb0_0;  1 drivers
v0xff5340_0 .net "branch_taken", 0 0, v0xfe6c90_0;  1 drivers
v0xff5430_0 .net "branch_target", 15 0, L_0x100b400;  1 drivers
v0xff4750_0 .net "c_alu_src_imm", 0 0, v0xfe7880_0;  1 drivers
v0xff5730_0 .net "c_jump_or_branch", 0 0, v0xfe7960_0;  1 drivers
v0xff5820_0 .net "c_link_jal", 0 0, v0xfe7a20_0;  1 drivers
v0xff5910_0 .net "c_mem_read", 0 0, v0xfe7ac0_0;  1 drivers
v0xff5a00_0 .net "c_mem_to_reg", 0 0, v0xfe7b80_0;  1 drivers
v0xff5af0_0 .net "c_mem_write", 0 0, v0xfe7c90_0;  1 drivers
v0xff5be0_0 .net "c_reg_dst_rd", 0 0, v0xfe7e30_0;  1 drivers
v0xff5cd0_0 .net "c_reg_write", 0 0, v0xfe7ef0_0;  1 drivers
v0xff5dc0_0 .net "clk", 0 0, v0xff8e50_0;  1 drivers
v0xff5e60_0 .net "ex_address", 11 0, v0xfede30_0;  1 drivers
v0xff5f00_0 .net "ex_alu_src_imm", 0 0, v0xfedff0_0;  1 drivers
v0xff5fa0_0 .net "ex_imm", 5 0, v0xfee180_0;  1 drivers
v0xff6040_0 .net "ex_jump_or_branch", 0 0, v0xfee250_0;  1 drivers
v0xff60e0_0 .net "ex_link_jal", 0 0, v0xfee3b0_0;  1 drivers
v0xff61d0_0 .net "ex_mem_read", 0 0, v0xfee5e0_0;  1 drivers
v0xff6270_0 .net "ex_mem_to_reg", 0 0, v0xfee720_0;  1 drivers
v0xff6360_0 .net "ex_mem_write", 0 0, v0xfee860_0;  1 drivers
v0xff6450_0 .net "ex_op2", 15 0, L_0xff9b10;  1 drivers
v0xff64f0_0 .net "ex_opcode", 3 0, v0xfee930_0;  1 drivers
v0xff6590_0 .net "ex_pc", 15 0, v0xfeea20_0;  1 drivers
v0xff6630_0 .net "ex_rd", 2 0, v0xfeebd0_0;  1 drivers
v0xff66d0_0 .net "ex_reg_dst_rd", 0 0, v0xfeec70_0;  1 drivers
v0xff6770_0 .net "ex_reg_write", 0 0, v0xfeedd0_0;  1 drivers
v0xff6860_0 .net "ex_rs", 2 0, v0xfeee70_0;  1 drivers
v0xff6900_0 .net "ex_rt", 2 0, v0xfeef30_0;  1 drivers
v0xff69f0_0 .net "ex_shamt", 2 0, v0xfef020_0;  1 drivers
v0xff6ae0_0 .net "ex_val_rs", 15 0, v0xfef0f0_0;  1 drivers
v0xff6bd0_0 .net "ex_val_rt", 15 0, v0xfef1c0_0;  1 drivers
v0xff6c70_0 .var "flush", 0 0;
v0xff6d10_0 .net "hazard_stall", 0 0, v0xfec430_0;  1 drivers
v0xff6e00_0 .net "id_address", 11 0, L_0xff9560;  1 drivers
v0xff6ea0_0 .net "id_imm", 5 0, L_0xff9470;  1 drivers
v0xff54d0_0 .net "id_instr", 15 0, v0xfef5b0_0;  1 drivers
v0xff5570_0 .net "id_opcode", 3 0, L_0xffa140;  1 drivers
v0xff7350_0 .net "id_pc", 15 0, v0xfefc80_0;  1 drivers
v0xff73f0_0 .net "id_rd", 2 0, L_0xff92a0;  1 drivers
v0xff7490_0 .net "id_rs", 2 0, L_0xff9040;  1 drivers
v0xff7530_0 .net "id_rt", 2 0, L_0xff9170;  1 drivers
v0xff75d0_0 .net "id_shamt", 2 0, L_0xff93d0;  1 drivers
v0xff7670_0 .net "if_instr", 15 0, L_0xff9e80;  1 drivers
v0xff7710_0 .net "if_pc", 15 0, L_0xffa030;  1 drivers
v0xff77b0_0 .net "jump_target", 15 0, L_0x100b270;  1 drivers
v0xff7870_0 .net "mem_alu_result", 15 0, v0xff04f0_0;  1 drivers
v0xff7980_0 .net "mem_branch_taken", 0 0, v0xff05e0_0;  1 drivers
v0xff7a20_0 .net "mem_link_jal", 0 0, v0xff0740_0;  1 drivers
v0xff7b10_0 .net "mem_mem_read", 0 0, v0xff0810_0;  1 drivers
v0xff7c00_0 .net "mem_mem_to_reg", 0 0, v0xff0980_0;  1 drivers
v0xff7cf0_0 .net "mem_mem_write", 0 0, v0xff0a50_0;  1 drivers
v0xff7de0_0 .net "mem_opcode", 3 0, v0xff0b20_0;  1 drivers
v0xff7e80_0 .net "mem_pc", 15 0, v0xff0bc0_0;  1 drivers
v0xff7f20_0 .net "mem_rd", 2 0, v0xff0c80_0;  1 drivers
v0xff7fc0_0 .net "mem_read_data", 15 0, v0xfeb9e0_0;  1 drivers
v0xff80b0_0 .net "mem_reg_write", 0 0, v0xff0ef0_0;  1 drivers
v0xff81a0_0 .net "mem_rt", 2 0, v0xff0fc0_0;  1 drivers
v0xff8260_0 .net "mem_val_rt", 15 0, v0xff1080_0;  1 drivers
v0xff8350_0 .var "pc", 15 0;
v0xff8430_0 .net "pc_next", 15 0, L_0x100c650;  1 drivers
v0xff8510_0 .net "rst", 0 0, v0xff8f80_0;  1 drivers
v0xff85b0_0 .net "val_rs", 15 0, L_0xffa4d0;  1 drivers
v0xff86a0_0 .net "val_rt", 15 0, L_0xffa770;  1 drivers
v0xff87b0_0 .net "wb_alu_result", 15 0, v0xfef8d0_0;  1 drivers
v0xff8870_0 .net "wb_link_jal", 0 0, v0xff1620_0;  1 drivers
v0xff8910_0 .net "wb_mem_to_reg", 0 0, v0xff16c0_0;  1 drivers
v0xff89b0_0 .net "wb_opcode", 3 0, v0xff1760_0;  1 drivers
v0xff8a50_0 .net "wb_pc", 15 0, v0xff1800_0;  1 drivers
v0xff8b20_0 .net "wb_rd", 2 0, v0xff18e0_0;  1 drivers
v0xff8bf0_0 .net "wb_read_data", 15 0, v0xff19c0_0;  1 drivers
v0xff8cc0_0 .net "wb_reg_write", 0 0, v0xff1aa0_0;  1 drivers
v0xff8db0_0 .net "wb_rt", 2 0, v0xff1b60_0;  1 drivers
E_0xf3c990 .event anyedge, v0xfee250_0, v0xfafb00_0, v0xfe6c90_0;
L_0xff9040 .part v0xfef5b0_0, 9, 3;
L_0xff9170 .part v0xfef5b0_0, 6, 3;
L_0xff92a0 .part v0xfef5b0_0, 3, 3;
L_0xff93d0 .part v0xfef5b0_0, 0, 3;
L_0xff9470 .part v0xfef5b0_0, 0, 6;
L_0xff9560 .part v0xfef5b0_0, 0, 12;
L_0xff9690 .part v0xfee180_0, 5, 1;
LS_0xff9730_0_0 .concat [ 1 1 1 1], L_0xff9690, L_0xff9690, L_0xff9690, L_0xff9690;
LS_0xff9730_0_4 .concat [ 1 1 1 1], L_0xff9690, L_0xff9690, L_0xff9690, L_0xff9690;
LS_0xff9730_0_8 .concat [ 1 1 0 0], L_0xff9690, L_0xff9690;
L_0xff9730 .concat [ 4 4 2 0], LS_0xff9730_0_0, LS_0xff9730_0_4, LS_0xff9730_0_8;
L_0xff9a20 .concat [ 6 10 0 0], v0xfee180_0, L_0xff9730;
L_0xff9b10 .functor MUXZ 16, v0xfef1c0_0, L_0xff9a20, v0xfedff0_0, C4<>;
L_0xff9f40 .part v0xff8350_0, 0, 8;
L_0xffa140 .part v0xfef5b0_0, 12, 4;
L_0xffa830 .functor MUXZ 3, v0xff18e0_0, v0xff1b60_0, v0xff16c0_0, C4<>;
L_0x100a9d0 .arith/sum 16, v0xff1800_0, L_0x7f930a91e0f0;
L_0x100abb0 .functor MUXZ 16, v0xfef8d0_0, v0xff19c0_0, v0xff16c0_0, C4<>;
L_0x100acf0 .functor MUXZ 16, L_0x100abb0, L_0x100a9d0, v0xff1620_0, C4<>;
L_0x100af60 .cmp/eq 4, v0xfee930_0, L_0x7f930a91e138;
L_0x100b090 .concat [ 12 4 0 0], v0xfede30_0, L_0x7f930a91e180;
L_0x100b270 .functor MUXZ 16, L_0x100b090, v0xfef0f0_0, L_0x100af60, C4<>;
L_0x100b360 .part v0xfee180_0, 5, 1;
LS_0x100b1d0_0_0 .concat [ 1 1 1 1], L_0x100b360, L_0x100b360, L_0x100b360, L_0x100b360;
LS_0x100b1d0_0_4 .concat [ 1 1 1 1], L_0x100b360, L_0x100b360, L_0x100b360, L_0x100b360;
LS_0x100b1d0_0_8 .concat [ 1 1 0 0], L_0x100b360, L_0x100b360;
L_0x100b1d0 .concat [ 4 4 2 0], LS_0x100b1d0_0_0, LS_0x100b1d0_0_4, LS_0x100b1d0_0_8;
L_0x100b700 .concat [ 6 10 0 0], v0xfee180_0, L_0x100b1d0;
L_0x100b400 .arith/sum 16, v0xfeea20_0, L_0x100b700;
L_0x100b8b0 .cmp/eq 4, v0xfee930_0, L_0x7f930a91e1c8;
L_0x100b7a0 .cmp/eq 4, v0xfee930_0, L_0x7f930a91e210;
L_0x100bb50 .cmp/eq 4, v0xfee930_0, L_0x7f930a91e258;
L_0x100b9a0 .cmp/eq 4, v0xfee930_0, L_0x7f930a91e2a0;
L_0x100bde0 .cmp/eq 4, v0xfee930_0, L_0x7f930a91e2e8;
L_0x100c010 .arith/sum 16, v0xff8350_0, L_0x7f930a91e330;
L_0x100c170 .functor MUXZ 16, L_0x100c010, L_0x100b400, L_0x100aa70, C4<>;
L_0x100c310 .functor MUXZ 16, L_0x100c170, L_0x100b270, L_0x100bb50, C4<>;
L_0x100c4a0 .functor MUXZ 16, L_0x100c310, L_0x100b270, L_0x100b7a0, C4<>;
L_0x100c650 .functor MUXZ 16, L_0x100c4a0, L_0x100b270, L_0x100b8b0, C4<>;
S_0xfa4f10 .scope module, "alu" "ALU" 3 638, 3 43 0, S_0xfa41d0;
 .timescale -9 -12;
    .port_info 0 /INPUT 4 "alu_op";
    .port_info 1 /INPUT 16 "val_rs";
    .port_info 2 /INPUT 16 "val_rt";
    .port_info 3 /INPUT 3 "shamt";
    .port_info 4 /INPUT 6 "imm6";
    .port_info 5 /OUTPUT 16 "alu_out";
    .port_info 6 /OUTPUT 1 "branch_taken";
v0xfafb00_0 .net "alu_op", 3 0, v0xfee930_0;  alias, 1 drivers
v0xfe6bb0_0 .var "alu_out", 15 0;
v0xfe6c90_0 .var "branch_taken", 0 0;
v0xfe6d60_0 .net "imm6", 5 0, v0xfee180_0;  alias, 1 drivers
v0xfe6e40_0 .var/s "s_imm", 15 0;
v0xfe6f70_0 .net "shamt", 2 0, v0xfef020_0;  alias, 1 drivers
v0xfe7050_0 .var/s "srs", 15 0;
v0xfe7130_0 .var/s "srt", 15 0;
v0xfe7210_0 .net "val_rs", 15 0, v0xfef0f0_0;  alias, 1 drivers
v0xfe7380_0 .net "val_rt", 15 0, L_0xff9b10;  alias, 1 drivers
E_0xfa8dd0/0 .event anyedge, v0xfe6d60_0, v0xfe7210_0, v0xfe7380_0, v0xfafb00_0;
E_0xfa8dd0/1 .event anyedge, v0xfe7050_0, v0xfe7130_0, v0xfe6f70_0, v0xfe6e40_0;
E_0xfa8dd0 .event/or E_0xfa8dd0/0, E_0xfa8dd0/1;
S_0xfe7580 .scope module, "ctrl_unit" "ControlUnit" 3 605, 3 200 0, S_0xfa41d0;
 .timescale -9 -12;
    .port_info 0 /INPUT 4 "opcode";
    .port_info 1 /OUTPUT 1 "reg_write";
    .port_info 2 /OUTPUT 1 "mem_read";
    .port_info 3 /OUTPUT 1 "mem_write";
    .port_info 4 /OUTPUT 1 "mem_to_reg";
    .port_info 5 /OUTPUT 1 "alu_src_imm";
    .port_info 6 /OUTPUT 1 "reg_dst_rd";
    .port_info 7 /OUTPUT 1 "link_jal";
    .port_info 8 /OUTPUT 1 "jump_or_branch";
v0xfe7880_0 .var "alu_src_imm", 0 0;
v0xfe7960_0 .var "jump_or_branch", 0 0;
v0xfe7a20_0 .var "link_jal", 0 0;
v0xfe7ac0_0 .var "mem_read", 0 0;
v0xfe7b80_0 .var "mem_to_reg", 0 0;
v0xfe7c90_0 .var "mem_write", 0 0;
v0xfe7d50_0 .net "opcode", 3 0, L_0xffa140;  alias, 1 drivers
v0xfe7e30_0 .var "reg_dst_rd", 0 0;
v0xfe7ef0_0 .var "reg_write", 0 0;
E_0xfa5340 .event anyedge, v0xfe7d50_0;
S_0xfe8160 .scope module, "data_mem" "DataMemory" 3 651, 3 157 0, S_0xfa41d0;
 .timescale -9 -12;
    .port_info 0 /INPUT 1 "clk";
    .port_info 1 /INPUT 1 "mem_write";
    .port_info 2 /INPUT 1 "mem_read";
    .port_info 3 /INPUT 16 "address";
    .port_info 4 /INPUT 16 "write_data";
    .port_info 5 /OUTPUT 16 "read_data";
v0xfe8c90_0 .net "address", 15 0, v0xff04f0_0;  alias, 1 drivers
v0xfe8d90_0 .net "clk", 0 0, v0xff8e50_0;  alias, 1 drivers
v0xfe8e50_0 .var/i "i", 31 0;
v0xfe8f40 .array "mem", 255 0, 15 0;
v0xfeb810_0 .net "mem_read", 0 0, v0xff0810_0;  alias, 1 drivers
v0xfeb920_0 .net "mem_write", 0 0, v0xff0a50_0;  alias, 1 drivers
v0xfeb9e0_0 .var "read_data", 15 0;
v0xfebac0_0 .net "write_data", 15 0, v0xff1080_0;  alias, 1 drivers
v0xfe8f40_0 .array/port v0xfe8f40, 0;
v0xfe8f40_1 .array/port v0xfe8f40, 1;
E_0xfe83d0/0 .event anyedge, v0xfeb810_0, v0xfe8c90_0, v0xfe8f40_0, v0xfe8f40_1;
v0xfe8f40_2 .array/port v0xfe8f40, 2;
v0xfe8f40_3 .array/port v0xfe8f40, 3;
v0xfe8f40_4 .array/port v0xfe8f40, 4;
v0xfe8f40_5 .array/port v0xfe8f40, 5;
E_0xfe83d0/1 .event anyedge, v0xfe8f40_2, v0xfe8f40_3, v0xfe8f40_4, v0xfe8f40_5;
v0xfe8f40_6 .array/port v0xfe8f40, 6;
v0xfe8f40_7 .array/port v0xfe8f40, 7;
v0xfe8f40_8 .array/port v0xfe8f40, 8;
v0xfe8f40_9 .array/port v0xfe8f40, 9;
E_0xfe83d0/2 .event anyedge, v0xfe8f40_6, v0xfe8f40_7, v0xfe8f40_8, v0xfe8f40_9;
v0xfe8f40_10 .array/port v0xfe8f40, 10;
v0xfe8f40_11 .array/port v0xfe8f40, 11;
v0xfe8f40_12 .array/port v0xfe8f40, 12;
v0xfe8f40_13 .array/port v0xfe8f40, 13;
E_0xfe83d0/3 .event anyedge, v0xfe8f40_10, v0xfe8f40_11, v0xfe8f40_12, v0xfe8f40_13;
v0xfe8f40_14 .array/port v0xfe8f40, 14;
v0xfe8f40_15 .array/port v0xfe8f40, 15;
v0xfe8f40_16 .array/port v0xfe8f40, 16;
v0xfe8f40_17 .array/port v0xfe8f40, 17;
E_0xfe83d0/4 .event anyedge, v0xfe8f40_14, v0xfe8f40_15, v0xfe8f40_16, v0xfe8f40_17;
v0xfe8f40_18 .array/port v0xfe8f40, 18;
v0xfe8f40_19 .array/port v0xfe8f40, 19;
v0xfe8f40_20 .array/port v0xfe8f40, 20;
v0xfe8f40_21 .array/port v0xfe8f40, 21;
E_0xfe83d0/5 .event anyedge, v0xfe8f40_18, v0xfe8f40_19, v0xfe8f40_20, v0xfe8f40_21;
v0xfe8f40_22 .array/port v0xfe8f40, 22;
v0xfe8f40_23 .array/port v0xfe8f40, 23;
v0xfe8f40_24 .array/port v0xfe8f40, 24;
v0xfe8f40_25 .array/port v0xfe8f40, 25;
E_0xfe83d0/6 .event anyedge, v0xfe8f40_22, v0xfe8f40_23, v0xfe8f40_24, v0xfe8f40_25;
v0xfe8f40_26 .array/port v0xfe8f40, 26;
v0xfe8f40_27 .array/port v0xfe8f40, 27;
v0xfe8f40_28 .array/port v0xfe8f40, 28;
v0xfe8f40_29 .array/port v0xfe8f40, 29;
E_0xfe83d0/7 .event anyedge, v0xfe8f40_26, v0xfe8f40_27, v0xfe8f40_28, v0xfe8f40_29;
v0xfe8f40_30 .array/port v0xfe8f40, 30;
v0xfe8f40_31 .array/port v0xfe8f40, 31;
v0xfe8f40_32 .array/port v0xfe8f40, 32;
v0xfe8f40_33 .array/port v0xfe8f40, 33;
E_0xfe83d0/8 .event anyedge, v0xfe8f40_30, v0xfe8f40_31, v0xfe8f40_32, v0xfe8f40_33;
v0xfe8f40_34 .array/port v0xfe8f40, 34;
v0xfe8f40_35 .array/port v0xfe8f40, 35;
v0xfe8f40_36 .array/port v0xfe8f40, 36;
v0xfe8f40_37 .array/port v0xfe8f40, 37;
E_0xfe83d0/9 .event anyedge, v0xfe8f40_34, v0xfe8f40_35, v0xfe8f40_36, v0xfe8f40_37;
v0xfe8f40_38 .array/port v0xfe8f40, 38;
v0xfe8f40_39 .array/port v0xfe8f40, 39;
v0xfe8f40_40 .array/port v0xfe8f40, 40;
v0xfe8f40_41 .array/port v0xfe8f40, 41;
E_0xfe83d0/10 .event anyedge, v0xfe8f40_38, v0xfe8f40_39, v0xfe8f40_40, v0xfe8f40_41;
v0xfe8f40_42 .array/port v0xfe8f40, 42;
v0xfe8f40_43 .array/port v0xfe8f40, 43;
v0xfe8f40_44 .array/port v0xfe8f40, 44;
v0xfe8f40_45 .array/port v0xfe8f40, 45;
E_0xfe83d0/11 .event anyedge, v0xfe8f40_42, v0xfe8f40_43, v0xfe8f40_44, v0xfe8f40_45;
v0xfe8f40_46 .array/port v0xfe8f40, 46;
v0xfe8f40_47 .array/port v0xfe8f40, 47;
v0xfe8f40_48 .array/port v0xfe8f40, 48;
v0xfe8f40_49 .array/port v0xfe8f40, 49;
E_0xfe83d0/12 .event anyedge, v0xfe8f40_46, v0xfe8f40_47, v0xfe8f40_48, v0xfe8f40_49;
v0xfe8f40_50 .array/port v0xfe8f40, 50;
v0xfe8f40_51 .array/port v0xfe8f40, 51;
v0xfe8f40_52 .array/port v0xfe8f40, 52;
v0xfe8f40_53 .array/port v0xfe8f40, 53;
E_0xfe83d0/13 .event anyedge, v0xfe8f40_50, v0xfe8f40_51, v0xfe8f40_52, v0xfe8f40_53;
v0xfe8f40_54 .array/port v0xfe8f40, 54;
v0xfe8f40_55 .array/port v0xfe8f40, 55;
v0xfe8f40_56 .array/port v0xfe8f40, 56;
v0xfe8f40_57 .array/port v0xfe8f40, 57;
E_0xfe83d0/14 .event anyedge, v0xfe8f40_54, v0xfe8f40_55, v0xfe8f40_56, v0xfe8f40_57;
v0xfe8f40_58 .array/port v0xfe8f40, 58;
v0xfe8f40_59 .array/port v0xfe8f40, 59;
v0xfe8f40_60 .array/port v0xfe8f40, 60;
v0xfe8f40_61 .array/port v0xfe8f40, 61;
E_0xfe83d0/15 .event anyedge, v0xfe8f40_58, v0xfe8f40_59, v0xfe8f40_60, v0xfe8f40_61;
v0xfe8f40_62 .array/port v0xfe8f40, 62;
v0xfe8f40_63 .array/port v0xfe8f40, 63;
v0xfe8f40_64 .array/port v0xfe8f40, 64;
v0xfe8f40_65 .array/port v0xfe8f40, 65;
E_0xfe83d0/16 .event anyedge, v0xfe8f40_62, v0xfe8f40_63, v0xfe8f40_64, v0xfe8f40_65;
v0xfe8f40_66 .array/port v0xfe8f40, 66;
v0xfe8f40_67 .array/port v0xfe8f40, 67;
v0xfe8f40_68 .array/port v0xfe8f40, 68;
v0xfe8f40_69 .array/port v0xfe8f40, 69;
E_0xfe83d0/17 .event anyedge, v0xfe8f40_66, v0xfe8f40_67, v0xfe8f40_68, v0xfe8f40_69;
v0xfe8f40_70 .array/port v0xfe8f40, 70;
v0xfe8f40_71 .array/port v0xfe8f40, 71;
v0xfe8f40_72 .array/port v0xfe8f40, 72;
v0xfe8f40_73 .array/port v0xfe8f40, 73;
E_0xfe83d0/18 .event anyedge, v0xfe8f40_70, v0xfe8f40_71, v0xfe8f40_72, v0xfe8f40_73;
v0xfe8f40_74 .array/port v0xfe8f40, 74;
v0xfe8f40_75 .array/port v0xfe8f40, 75;
v0xfe8f40_76 .array/port v0xfe8f40, 76;
v0xfe8f40_77 .array/port v0xfe8f40, 77;
E_0xfe83d0/19 .event anyedge, v0xfe8f40_74, v0xfe8f40_75, v0xfe8f40_76, v0xfe8f40_77;
v0xfe8f40_78 .array/port v0xfe8f40, 78;
v0xfe8f40_79 .array/port v0xfe8f40, 79;
v0xfe8f40_80 .array/port v0xfe8f40, 80;
v0xfe8f40_81 .array/port v0xfe8f40, 81;
E_0xfe83d0/20 .event anyedge, v0xfe8f40_78, v0xfe8f40_79, v0xfe8f40_80, v0xfe8f40_81;
v0xfe8f40_82 .array/port v0xfe8f40, 82;
v0xfe8f40_83 .array/port v0xfe8f40, 83;
v0xfe8f40_84 .array/port v0xfe8f40, 84;
v0xfe8f40_85 .array/port v0xfe8f40, 85;
E_0xfe83d0/21 .event anyedge, v0xfe8f40_82, v0xfe8f40_83, v0xfe8f40_84, v0xfe8f40_85;
v0xfe8f40_86 .array/port v0xfe8f40, 86;
v0xfe8f40_87 .array/port v0xfe8f40, 87;
v0xfe8f40_88 .array/port v0xfe8f40, 88;
v0xfe8f40_89 .array/port v0xfe8f40, 89;
E_0xfe83d0/22 .event anyedge, v0xfe8f40_86, v0xfe8f40_87, v0xfe8f40_88, v0xfe8f40_89;
v0xfe8f40_90 .array/port v0xfe8f40, 90;
v0xfe8f40_91 .array/port v0xfe8f40, 91;
v0xfe8f40_92 .array/port v0xfe8f40, 92;
v0xfe8f40_93 .array/port v0xfe8f40, 93;
E_0xfe83d0/23 .event anyedge, v0xfe8f40_90, v0xfe8f40_91, v0xfe8f40_92, v0xfe8f40_93;
v0xfe8f40_94 .array/port v0xfe8f40, 94;
v0xfe8f40_95 .array/port v0xfe8f40, 95;
v0xfe8f40_96 .array/port v0xfe8f40, 96;
v0xfe8f40_97 .array/port v0xfe8f40, 97;
E_0xfe83d0/24 .event anyedge, v0xfe8f40_94, v0xfe8f40_95, v0xfe8f40_96, v0xfe8f40_97;
v0xfe8f40_98 .array/port v0xfe8f40, 98;
v0xfe8f40_99 .array/port v0xfe8f40, 99;
v0xfe8f40_100 .array/port v0xfe8f40, 100;
v0xfe8f40_101 .array/port v0xfe8f40, 101;
E_0xfe83d0/25 .event anyedge, v0xfe8f40_98, v0xfe8f40_99, v0xfe8f40_100, v0xfe8f40_101;
v0xfe8f40_102 .array/port v0xfe8f40, 102;
v0xfe8f40_103 .array/port v0xfe8f40, 103;
v0xfe8f40_104 .array/port v0xfe8f40, 104;
v0xfe8f40_105 .array/port v0xfe8f40, 105;
E_0xfe83d0/26 .event anyedge, v0xfe8f40_102, v0xfe8f40_103, v0xfe8f40_104, v0xfe8f40_105;
v0xfe8f40_106 .array/port v0xfe8f40, 106;
v0xfe8f40_107 .array/port v0xfe8f40, 107;
v0xfe8f40_108 .array/port v0xfe8f40, 108;
v0xfe8f40_109 .array/port v0xfe8f40, 109;
E_0xfe83d0/27 .event anyedge, v0xfe8f40_106, v0xfe8f40_107, v0xfe8f40_108, v0xfe8f40_109;
v0xfe8f40_110 .array/port v0xfe8f40, 110;
v0xfe8f40_111 .array/port v0xfe8f40, 111;
v0xfe8f40_112 .array/port v0xfe8f40, 112;
v0xfe8f40_113 .array/port v0xfe8f40, 113;
E_0xfe83d0/28 .event anyedge, v0xfe8f40_110, v0xfe8f40_111, v0xfe8f40_112, v0xfe8f40_113;
v0xfe8f40_114 .array/port v0xfe8f40, 114;
v0xfe8f40_115 .array/port v0xfe8f40, 115;
v0xfe8f40_116 .array/port v0xfe8f40, 116;
v0xfe8f40_117 .array/port v0xfe8f40, 117;
E_0xfe83d0/29 .event anyedge, v0xfe8f40_114, v0xfe8f40_115, v0xfe8f40_116, v0xfe8f40_117;
v0xfe8f40_118 .array/port v0xfe8f40, 118;
v0xfe8f40_119 .array/port v0xfe8f40, 119;
v0xfe8f40_120 .array/port v0xfe8f40, 120;
v0xfe8f40_121 .array/port v0xfe8f40, 121;
E_0xfe83d0/30 .event anyedge, v0xfe8f40_118, v0xfe8f40_119, v0xfe8f40_120, v0xfe8f40_121;
v0xfe8f40_122 .array/port v0xfe8f40, 122;
v0xfe8f40_123 .array/port v0xfe8f40, 123;
v0xfe8f40_124 .array/port v0xfe8f40, 124;
v0xfe8f40_125 .array/port v0xfe8f40, 125;
E_0xfe83d0/31 .event anyedge, v0xfe8f40_122, v0xfe8f40_123, v0xfe8f40_124, v0xfe8f40_125;
v0xfe8f40_126 .array/port v0xfe8f40, 126;
v0xfe8f40_127 .array/port v0xfe8f40, 127;
v0xfe8f40_128 .array/port v0xfe8f40, 128;
v0xfe8f40_129 .array/port v0xfe8f40, 129;
E_0xfe83d0/32 .event anyedge, v0xfe8f40_126, v0xfe8f40_127, v0xfe8f40_128, v0xfe8f40_129;
v0xfe8f40_130 .array/port v0xfe8f40, 130;
v0xfe8f40_131 .array/port v0xfe8f40, 131;
v0xfe8f40_132 .array/port v0xfe8f40, 132;
v0xfe8f40_133 .array/port v0xfe8f40, 133;
E_0xfe83d0/33 .event anyedge, v0xfe8f40_130, v0xfe8f40_131, v0xfe8f40_132, v0xfe8f40_133;
v0xfe8f40_134 .array/port v0xfe8f40, 134;
v0xfe8f40_135 .array/port v0xfe8f40, 135;
v0xfe8f40_136 .array/port v0xfe8f40, 136;
v0xfe8f40_137 .array/port v0xfe8f40, 137;
E_0xfe83d0/34 .event anyedge, v0xfe8f40_134, v0xfe8f40_135, v0xfe8f40_136, v0xfe8f40_137;
v0xfe8f40_138 .array/port v0xfe8f40, 138;
v0xfe8f40_139 .array/port v0xfe8f40, 139;
v0xfe8f40_140 .array/port v0xfe8f40, 140;
v0xfe8f40_141 .array/port v0xfe8f40, 141;
E_0xfe83d0/35 .event anyedge, v0xfe8f40_138, v0xfe8f40_139, v0xfe8f40_140, v0xfe8f40_141;
v0xfe8f40_142 .array/port v0xfe8f40, 142;
v0xfe8f40_143 .array/port v0xfe8f40, 143;
v0xfe8f40_144 .array/port v0xfe8f40, 144;
v0xfe8f40_145 .array/port v0xfe8f40, 145;
E_0xfe83d0/36 .event anyedge, v0xfe8f40_142, v0xfe8f40_143, v0xfe8f40_144, v0xfe8f40_145;
v0xfe8f40_146 .array/port v0xfe8f40, 146;
v0xfe8f40_147 .array/port v0xfe8f40, 147;
v0xfe8f40_148 .array/port v0xfe8f40, 148;
v0xfe8f40_149 .array/port v0xfe8f40, 149;
E_0xfe83d0/37 .event anyedge, v0xfe8f40_146, v0xfe8f40_147, v0xfe8f40_148, v0xfe8f40_149;
v0xfe8f40_150 .array/port v0xfe8f40, 150;
v0xfe8f40_151 .array/port v0xfe8f40, 151;
v0xfe8f40_152 .array/port v0xfe8f40, 152;
v0xfe8f40_153 .array/port v0xfe8f40, 153;
E_0xfe83d0/38 .event anyedge, v0xfe8f40_150, v0xfe8f40_151, v0xfe8f40_152, v0xfe8f40_153;
v0xfe8f40_154 .array/port v0xfe8f40, 154;
v0xfe8f40_155 .array/port v0xfe8f40, 155;
v0xfe8f40_156 .array/port v0xfe8f40, 156;
v0xfe8f40_157 .array/port v0xfe8f40, 157;
E_0xfe83d0/39 .event anyedge, v0xfe8f40_154, v0xfe8f40_155, v0xfe8f40_156, v0xfe8f40_157;
v0xfe8f40_158 .array/port v0xfe8f40, 158;
v0xfe8f40_159 .array/port v0xfe8f40, 159;
v0xfe8f40_160 .array/port v0xfe8f40, 160;
v0xfe8f40_161 .array/port v0xfe8f40, 161;
E_0xfe83d0/40 .event anyedge, v0xfe8f40_158, v0xfe8f40_159, v0xfe8f40_160, v0xfe8f40_161;
v0xfe8f40_162 .array/port v0xfe8f40, 162;
v0xfe8f40_163 .array/port v0xfe8f40, 163;
v0xfe8f40_164 .array/port v0xfe8f40, 164;
v0xfe8f40_165 .array/port v0xfe8f40, 165;
E_0xfe83d0/41 .event anyedge, v0xfe8f40_162, v0xfe8f40_163, v0xfe8f40_164, v0xfe8f40_165;
v0xfe8f40_166 .array/port v0xfe8f40, 166;
v0xfe8f40_167 .array/port v0xfe8f40, 167;
v0xfe8f40_168 .array/port v0xfe8f40, 168;
v0xfe8f40_169 .array/port v0xfe8f40, 169;
E_0xfe83d0/42 .event anyedge, v0xfe8f40_166, v0xfe8f40_167, v0xfe8f40_168, v0xfe8f40_169;
v0xfe8f40_170 .array/port v0xfe8f40, 170;
v0xfe8f40_171 .array/port v0xfe8f40, 171;
v0xfe8f40_172 .array/port v0xfe8f40, 172;
v0xfe8f40_173 .array/port v0xfe8f40, 173;
E_0xfe83d0/43 .event anyedge, v0xfe8f40_170, v0xfe8f40_171, v0xfe8f40_172, v0xfe8f40_173;
v0xfe8f40_174 .array/port v0xfe8f40, 174;
v0xfe8f40_175 .array/port v0xfe8f40, 175;
v0xfe8f40_176 .array/port v0xfe8f40, 176;
v0xfe8f40_177 .array/port v0xfe8f40, 177;
E_0xfe83d0/44 .event anyedge, v0xfe8f40_174, v0xfe8f40_175, v0xfe8f40_176, v0xfe8f40_177;
v0xfe8f40_178 .array/port v0xfe8f40, 178;
v0xfe8f40_179 .array/port v0xfe8f40, 179;
v0xfe8f40_180 .array/port v0xfe8f40, 180;
v0xfe8f40_181 .array/port v0xfe8f40, 181;
E_0xfe83d0/45 .event anyedge, v0xfe8f40_178, v0xfe8f40_179, v0xfe8f40_180, v0xfe8f40_181;
v0xfe8f40_182 .array/port v0xfe8f40, 182;
v0xfe8f40_183 .array/port v0xfe8f40, 183;
v0xfe8f40_184 .array/port v0xfe8f40, 184;
v0xfe8f40_185 .array/port v0xfe8f40, 185;
E_0xfe83d0/46 .event anyedge, v0xfe8f40_182, v0xfe8f40_183, v0xfe8f40_184, v0xfe8f40_185;
v0xfe8f40_186 .array/port v0xfe8f40, 186;
v0xfe8f40_187 .array/port v0xfe8f40, 187;
v0xfe8f40_188 .array/port v0xfe8f40, 188;
v0xfe8f40_189 .array/port v0xfe8f40, 189;
E_0xfe83d0/47 .event anyedge, v0xfe8f40_186, v0xfe8f40_187, v0xfe8f40_188, v0xfe8f40_189;
v0xfe8f40_190 .array/port v0xfe8f40, 190;
v0xfe8f40_191 .array/port v0xfe8f40, 191;
v0xfe8f40_192 .array/port v0xfe8f40, 192;
v0xfe8f40_193 .array/port v0xfe8f40, 193;
E_0xfe83d0/48 .event anyedge, v0xfe8f40_190, v0xfe8f40_191, v0xfe8f40_192, v0xfe8f40_193;
v0xfe8f40_194 .array/port v0xfe8f40, 194;
v0xfe8f40_195 .array/port v0xfe8f40, 195;
v0xfe8f40_196 .array/port v0xfe8f40, 196;
v0xfe8f40_197 .array/port v0xfe8f40, 197;
E_0xfe83d0/49 .event anyedge, v0xfe8f40_194, v0xfe8f40_195, v0xfe8f40_196, v0xfe8f40_197;
v0xfe8f40_198 .array/port v0xfe8f40, 198;
v0xfe8f40_199 .array/port v0xfe8f40, 199;
v0xfe8f40_200 .array/port v0xfe8f40, 200;
v0xfe8f40_201 .array/port v0xfe8f40, 201;
E_0xfe83d0/50 .event anyedge, v0xfe8f40_198, v0xfe8f40_199, v0xfe8f40_200, v0xfe8f40_201;
v0xfe8f40_202 .array/port v0xfe8f40, 202;
v0xfe8f40_203 .array/port v0xfe8f40, 203;
v0xfe8f40_204 .array/port v0xfe8f40, 204;
v0xfe8f40_205 .array/port v0xfe8f40, 205;
E_0xfe83d0/51 .event anyedge, v0xfe8f40_202, v0xfe8f40_203, v0xfe8f40_204, v0xfe8f40_205;
v0xfe8f40_206 .array/port v0xfe8f40, 206;
v0xfe8f40_207 .array/port v0xfe8f40, 207;
v0xfe8f40_208 .array/port v0xfe8f40, 208;
v0xfe8f40_209 .array/port v0xfe8f40, 209;
E_0xfe83d0/52 .event anyedge, v0xfe8f40_206, v0xfe8f40_207, v0xfe8f40_208, v0xfe8f40_209;
v0xfe8f40_210 .array/port v0xfe8f40, 210;
v0xfe8f40_211 .array/port v0xfe8f40, 211;
v0xfe8f40_212 .array/port v0xfe8f40, 212;
v0xfe8f40_213 .array/port v0xfe8f40, 213;
E_0xfe83d0/53 .event anyedge, v0xfe8f40_210, v0xfe8f40_211, v0xfe8f40_212, v0xfe8f40_213;
v0xfe8f40_214 .array/port v0xfe8f40, 214;
v0xfe8f40_215 .array/port v0xfe8f40, 215;
v0xfe8f40_216 .array/port v0xfe8f40, 216;
v0xfe8f40_217 .array/port v0xfe8f40, 217;
E_0xfe83d0/54 .event anyedge, v0xfe8f40_214, v0xfe8f40_215, v0xfe8f40_216, v0xfe8f40_217;
v0xfe8f40_218 .array/port v0xfe8f40, 218;
v0xfe8f40_219 .array/port v0xfe8f40, 219;
v0xfe8f40_220 .array/port v0xfe8f40, 220;
v0xfe8f40_221 .array/port v0xfe8f40, 221;
E_0xfe83d0/55 .event anyedge, v0xfe8f40_218, v0xfe8f40_219, v0xfe8f40_220, v0xfe8f40_221;
v0xfe8f40_222 .array/port v0xfe8f40, 222;
v0xfe8f40_223 .array/port v0xfe8f40, 223;
v0xfe8f40_224 .array/port v0xfe8f40, 224;
v0xfe8f40_225 .array/port v0xfe8f40, 225;
E_0xfe83d0/56 .event anyedge, v0xfe8f40_222, v0xfe8f40_223, v0xfe8f40_224, v0xfe8f40_225;
v0xfe8f40_226 .array/port v0xfe8f40, 226;
v0xfe8f40_227 .array/port v0xfe8f40, 227;
v0xfe8f40_228 .array/port v0xfe8f40, 228;
v0xfe8f40_229 .array/port v0xfe8f40, 229;
E_0xfe83d0/57 .event anyedge, v0xfe8f40_226, v0xfe8f40_227, v0xfe8f40_228, v0xfe8f40_229;
v0xfe8f40_230 .array/port v0xfe8f40, 230;
v0xfe8f40_231 .array/port v0xfe8f40, 231;
v0xfe8f40_232 .array/port v0xfe8f40, 232;
v0xfe8f40_233 .array/port v0xfe8f40, 233;
E_0xfe83d0/58 .event anyedge, v0xfe8f40_230, v0xfe8f40_231, v0xfe8f40_232, v0xfe8f40_233;
v0xfe8f40_234 .array/port v0xfe8f40, 234;
v0xfe8f40_235 .array/port v0xfe8f40, 235;
v0xfe8f40_236 .array/port v0xfe8f40, 236;
v0xfe8f40_237 .array/port v0xfe8f40, 237;
E_0xfe83d0/59 .event anyedge, v0xfe8f40_234, v0xfe8f40_235, v0xfe8f40_236, v0xfe8f40_237;
v0xfe8f40_238 .array/port v0xfe8f40, 238;
v0xfe8f40_239 .array/port v0xfe8f40, 239;
v0xfe8f40_240 .array/port v0xfe8f40, 240;
v0xfe8f40_241 .array/port v0xfe8f40, 241;
E_0xfe83d0/60 .event anyedge, v0xfe8f40_238, v0xfe8f40_239, v0xfe8f40_240, v0xfe8f40_241;
v0xfe8f40_242 .array/port v0xfe8f40, 242;
v0xfe8f40_243 .array/port v0xfe8f40, 243;
v0xfe8f40_244 .array/port v0xfe8f40, 244;
v0xfe8f40_245 .array/port v0xfe8f40, 245;
E_0xfe83d0/61 .event anyedge, v0xfe8f40_242, v0xfe8f40_243, v0xfe8f40_244, v0xfe8f40_245;
v0xfe8f40_246 .array/port v0xfe8f40, 246;
v0xfe8f40_247 .array/port v0xfe8f40, 247;
v0xfe8f40_248 .array/port v0xfe8f40, 248;
v0xfe8f40_249 .array/port v0xfe8f40, 249;
E_0xfe83d0/62 .event anyedge, v0xfe8f40_246, v0xfe8f40_247, v0xfe8f40_248, v0xfe8f40_249;
v0xfe8f40_250 .array/port v0xfe8f40, 250;
v0xfe8f40_251 .array/port v0xfe8f40, 251;
v0xfe8f40_252 .array/port v0xfe8f40, 252;
v0xfe8f40_253 .array/port v0xfe8f40, 253;
E_0xfe83d0/63 .event anyedge, v0xfe8f40_250, v0xfe8f40_251, v0xfe8f40_252, v0xfe8f40_253;
v0xfe8f40_254 .array/port v0xfe8f40, 254;
v0xfe8f40_255 .array/port v0xfe8f40, 255;
E_0xfe83d0/64 .event anyedge, v0xfe8f40_254, v0xfe8f40_255;
E_0xfe83d0 .event/or E_0xfe83d0/0, E_0xfe83d0/1, E_0xfe83d0/2, E_0xfe83d0/3, E_0xfe83d0/4, E_0xfe83d0/5, E_0xfe83d0/6, E_0xfe83d0/7, E_0xfe83d0/8, E_0xfe83d0/9, E_0xfe83d0/10, E_0xfe83d0/11, E_0xfe83d0/12, E_0xfe83d0/13, E_0xfe83d0/14, E_0xfe83d0/15, E_0xfe83d0/16, E_0xfe83d0/17, E_0xfe83d0/18, E_0xfe83d0/19, E_0xfe83d0/20, E_0xfe83d0/21, E_0xfe83d0/22, E_0xfe83d0/23, E_0xfe83d0/24, E_0xfe83d0/25, E_0xfe83d0/26, E_0xfe83d0/27, E_0xfe83d0/28, E_0xfe83d0/29, E_0xfe83d0/30, E_0xfe83d0/31, E_0xfe83d0/32, E_0xfe83d0/33, E_0xfe83d0/34, E_0xfe83d0/35, E_0xfe83d0/36, E_0xfe83d0/37, E_0xfe83d0/38, E_0xfe83d0/39, E_0xfe83d0/40, E_0xfe83d0/41, E_0xfe83d0/42, E_0xfe83d0/43, E_0xfe83d0/44, E_0xfe83d0/45, E_0xfe83d0/46, E_0xfe83d0/47, E_0xfe83d0/48, E_0xfe83d0/49, E_0xfe83d0/50, E_0xfe83d0/51, E_0xfe83d0/52, E_0xfe83d0/53, E_0xfe83d0/54, E_0xfe83d0/55, E_0xfe83d0/56, E_0xfe83d0/57, E_0xfe83d0/58, E_0xfe83d0/59, E_0xfe83d0/60, E_0xfe83d0/61, E_0xfe83d0/62, E_0xfe83d0/63, E_0xfe83d0/64;
E_0xfe8c30 .event posedge, v0xfe8d90_0;
S_0xfebca0 .scope module, "hazard" "HazardUnit" 3 749, 3 493 0, S_0xfa41d0;
 .timescale -9 -12;
    .port_info 0 /INPUT 4 "id_ex_opcode";
    .port_info 1 /INPUT 3 "id_ex_rt";
    .port_info 2 /INPUT 1 "id_ex_mem_read";
    .port_info 3 /INPUT 3 "if_id_rs";
    .port_info 4 /INPUT 3 "if_id_rt";
    .port_info 5 /OUTPUT 1 "stall";
v0xfebf80_0 .net "id_ex_mem_read", 0 0, v0xfee5e0_0;  alias, 1 drivers
v0xfec060_0 .net "id_ex_opcode", 3 0, v0xfee930_0;  alias, 1 drivers
v0xfec150_0 .net "id_ex_rt", 2 0, v0xfeef30_0;  alias, 1 drivers
v0xfec220_0 .net "if_id_rs", 2 0, L_0xff9040;  alias, 1 drivers
v0xfec300_0 .net "if_id_rt", 2 0, L_0xff9170;  alias, 1 drivers
v0xfec430_0 .var "stall", 0 0;
E_0xfebf20 .event anyedge, v0xfebf80_0, v0xfec150_0, v0xfec220_0, v0xfec300_0;
S_0xfec5f0 .scope module, "instr_mem" "InstructionMemory" 3 594, 3 133 0, S_0xfa41d0;
 .timescale -9 -12;
    .port_info 0 /INPUT 8 "addr";
    .port_info 1 /OUTPUT 16 "instr";
L_0xff9e80 .functor BUFZ 16, L_0xff9ca0, C4<0000000000000000>, C4<0000000000000000>, C4<0000000000000000>;
v0xfecb40_0 .net *"_ivl_0", 15 0, L_0xff9ca0;  1 drivers
v0xfecc40_0 .net *"_ivl_2", 9 0, L_0xff9d40;  1 drivers
L_0x7f930a91e018 .functor BUFT 1, C4<00>, C4<0>, C4<0>, C4<0>;
v0xfecd20_0 .net *"_ivl_5", 1 0, L_0x7f930a91e018;  1 drivers
v0xfecde0_0 .net "addr", 7 0, L_0xff9f40;  1 drivers
v0xfecec0_0 .net "instr", 15 0, L_0xff9e80;  alias, 1 drivers
v0xfecff0 .array "mem", 255 0, 15 0;
L_0xff9ca0 .array/port v0xfecff0, L_0xff9d40;
L_0xff9d40 .concat [ 8 2 0 0], L_0xff9f40, L_0x7f930a91e018;
S_0xfec840 .scope begin, "$unm_blk_8" "$unm_blk_8" 3 143, 3 143 0, S_0xfec5f0;
 .timescale -9 -12;
v0xfeca40_0 .var/i "i", 31 0;
S_0xfed110 .scope module, "pipe_regs" "PipelineRegisters" 3 663, 3 261 0, S_0xfa41d0;
 .timescale -9 -12;
    .port_info 0 /INPUT 1 "clk";
    .port_info 1 /INPUT 1 "rst";
    .port_info 2 /INPUT 1 "stall";
    .port_info 3 /INPUT 1 "flush";
    .port_info 4 /INPUT 16 "if_instr_in";
    .port_info 5 /INPUT 16 "if_pc_in";
    .port_info 6 /OUTPUT 16 "id_instr_out";
    .port_info 7 /OUTPUT 16 "id_pc_out";
    .port_info 8 /INPUT 4 "id_opcode_in";
    .port_info 9 /INPUT 16 "id_val_rs_in";
    .port_info 10 /INPUT 16 "id_val_rt_in";
    .port_info 11 /INPUT 3 "id_rs_in";
    .port_info 12 /INPUT 3 "id_rt_in";
    .port_info 13 /INPUT 3 "id_rd_in";
    .port_info 14 /INPUT 3 "id_shamt_in";
    .port_info 15 /INPUT 6 "id_imm_in";
    .port_info 16 /INPUT 12 "id_address_in";
    .port_info 17 /INPUT 1 "id_reg_write_in";
    .port_info 18 /INPUT 1 "id_mem_read_in";
    .port_info 19 /INPUT 1 "id_mem_write_in";
    .port_info 20 /INPUT 1 "id_mem_to_reg_in";
    .port_info 21 /INPUT 1 "id_alu_src_imm_in";
    .port_info 22 /INPUT 1 "id_reg_dst_rd_in";
    .port_info 23 /INPUT 1 "id_link_jal_in";
    .port_info 24 /INPUT 1 "id_jump_or_branch_in";
    .port_info 25 /OUTPUT 4 "ex_opcode_out";
    .port_info 26 /OUTPUT 16 "ex_val_rs_out";
    .port_info 27 /OUTPUT 16 "ex_val_rt_out";
    .port_info 28 /OUTPUT 3 "ex_rs_out";
    .port_info 29 /OUTPUT 3 "ex_rt_out";
    .port_info 30 /OUTPUT 3 "ex_rd_out";
    .port_info 31 /OUTPUT 3 "ex_shamt_out";
    .port_info 32 /OUTPUT 6 "ex_imm_out";
    .port_info 33 /OUTPUT 12 "ex_address_out";
    .port_info 34 /OUTPUT 1 "ex_reg_write_out";
    .port_info 35 /OUTPUT 1 "ex_mem_read_out";
    .port_info 36 /OUTPUT 1 "ex_mem_write_out";
    .port_info 37 /OUTPUT 1 "ex_mem_to_reg_out";
    .port_info 38 /OUTPUT 1 "ex_alu_src_imm_out";
    .port_info 39 /OUTPUT 1 "ex_reg_dst_rd_out";
    .port_info 40 /OUTPUT 1 "ex_link_jal_out";
    .port_info 41 /OUTPUT 1 "ex_jump_or_branch_out";
    .port_info 42 /OUTPUT 16 "ex_pc_out";
    .port_info 43 /INPUT 16 "ex_alu_result_in";
    .port_info 44 /INPUT 1 "ex_branch_taken_in";
    .port_info 45 /INPUT 1 "ex_reg_write_in";
    .port_info 46 /INPUT 1 "ex_mem_read_in";
    .port_info 47 /INPUT 1 "ex_mem_write_in";
    .port_info 48 /INPUT 1 "ex_mem_to_reg_in";
    .port_info 49 /INPUT 1 "ex_link_jal_in";
    .port_info 50 /OUTPUT 16 "mem_alu_result_out";
    .port_info 51 /OUTPUT 1 "mem_branch_taken_out";
    .port_info 52 /OUTPUT 1 "mem_reg_write_out";
    .port_info 53 /OUTPUT 1 "mem_mem_read_out";
    .port_info 54 /OUTPUT 1 "mem_mem_write_out";
    .port_info 55 /OUTPUT 1 "mem_mem_to_reg_out";
    .port_info 56 /OUTPUT 1 "mem_link_jal_out";
    .port_info 57 /OUTPUT 3 "mem_rd_out";
    .port_info 58 /OUTPUT 3 "mem_rt_out";
    .port_info 59 /OUTPUT 16 "mem_val_rt_out";
    .port_info 60 /OUTPUT 16 "mem_pc_out";
    .port_info 61 /OUTPUT 4 "mem_opcode_out";
    .port_info 62 /INPUT 16 "mem_read_data_in";
    .port_info 63 /INPUT 1 "mem_reg_write_in";
    .port_info 64 /INPUT 1 "mem_mem_to_reg_in";
    .port_info 65 /INPUT 1 "mem_link_jal_in";
    .port_info 66 /OUTPUT 16 "wb_alu_result_out";
    .port_info 67 /OUTPUT 16 "wb_read_data_out";
    .port_info 68 /OUTPUT 1 "wb_reg_write_out";
    .port_info 69 /OUTPUT 1 "wb_mem_to_reg_out";
    .port_info 70 /OUTPUT 1 "wb_link_jal_out";
    .port_info 71 /OUTPUT 3 "wb_rd_out";
    .port_info 72 /OUTPUT 3 "wb_rt_out";
    .port_info 73 /OUTPUT 4 "wb_opcode_out";
    .port_info 74 /OUTPUT 16 "wb_pc_out";
P_0xfed2f0 .param/l "WIDTH" 0 3 261, +C4<00000000000000000000000000010000>;
v0xfedd40_0 .net "clk", 0 0, v0xff8e50_0;  alias, 1 drivers
v0xfede30_0 .var "ex_address_out", 11 0;
v0xfedef0_0 .net "ex_alu_result_in", 15 0, v0xfe6bb0_0;  alias, 1 drivers
v0xfedff0_0 .var "ex_alu_src_imm_out", 0 0;
v0xfee090_0 .net "ex_branch_taken_in", 0 0, v0xfe6c90_0;  alias, 1 drivers
v0xfee180_0 .var "ex_imm_out", 5 0;
v0xfee250_0 .var "ex_jump_or_branch_out", 0 0;
v0xfee2f0_0 .net "ex_link_jal_in", 0 0, v0xfee3b0_0;  alias, 1 drivers
v0xfee3b0_0 .var "ex_link_jal_out", 0 0;
v0xfee510_0 .net "ex_mem_read_in", 0 0, v0xfee5e0_0;  alias, 1 drivers
v0xfee5e0_0 .var "ex_mem_read_out", 0 0;
v0xfee680_0 .net "ex_mem_to_reg_in", 0 0, v0xfee720_0;  alias, 1 drivers
v0xfee720_0 .var "ex_mem_to_reg_out", 0 0;
v0xfee7c0_0 .net "ex_mem_write_in", 0 0, v0xfee860_0;  alias, 1 drivers
v0xfee860_0 .var "ex_mem_write_out", 0 0;
v0xfee930_0 .var "ex_opcode_out", 3 0;
v0xfeea20_0 .var "ex_pc_out", 15 0;
v0xfeebd0_0 .var "ex_rd_out", 2 0;
v0xfeec70_0 .var "ex_reg_dst_rd_out", 0 0;
v0xfeed10_0 .net "ex_reg_write_in", 0 0, v0xfeedd0_0;  alias, 1 drivers
v0xfeedd0_0 .var "ex_reg_write_out", 0 0;
v0xfeee70_0 .var "ex_rs_out", 2 0;
v0xfeef30_0 .var "ex_rt_out", 2 0;
v0xfef020_0 .var "ex_shamt_out", 2 0;
v0xfef0f0_0 .var "ex_val_rs_out", 15 0;
v0xfef1c0_0 .var "ex_val_rt_out", 15 0;
v0xfef280_0 .net "flush", 0 0, v0xff6c70_0;  1 drivers
v0xfef340_0 .net "id_address_in", 11 0, L_0xff9560;  alias, 1 drivers
v0xfef420_0 .net "id_alu_src_imm_in", 0 0, v0xfe7880_0;  alias, 1 drivers
v0xfef4f0_0 .net "id_imm_in", 5 0, L_0xff9470;  alias, 1 drivers
v0xfef5b0_0 .var "id_instr_out", 15 0;
v0xfef690_0 .net "id_jump_or_branch_in", 0 0, v0xfe7960_0;  alias, 1 drivers
v0xfef760_0 .net "id_link_jal_in", 0 0, v0xfe7a20_0;  alias, 1 drivers
v0xfeeaf0_0 .net "id_mem_read_in", 0 0, v0xfe7ac0_0;  alias, 1 drivers
v0xfefa10_0 .net "id_mem_to_reg_in", 0 0, v0xfe7b80_0;  alias, 1 drivers
v0xfefae0_0 .net "id_mem_write_in", 0 0, v0xfe7c90_0;  alias, 1 drivers
v0xfefbb0_0 .net "id_opcode_in", 3 0, L_0xffa140;  alias, 1 drivers
v0xfefc80_0 .var "id_pc_out", 15 0;
v0xfefd20_0 .net "id_rd_in", 2 0, L_0xff92a0;  alias, 1 drivers
v0xfefdc0_0 .net "id_reg_dst_rd_in", 0 0, v0xfe7e30_0;  alias, 1 drivers
v0xfefe90_0 .net "id_reg_write_in", 0 0, v0xfe7ef0_0;  alias, 1 drivers
v0xfeff60_0 .net "id_rs_in", 2 0, L_0xff9040;  alias, 1 drivers
v0xff0030_0 .net "id_rt_in", 2 0, L_0xff9170;  alias, 1 drivers
v0xff0100_0 .net "id_shamt_in", 2 0, L_0xff93d0;  alias, 1 drivers
v0xff01a0_0 .net "id_val_rs_in", 15 0, L_0xffa4d0;  alias, 1 drivers
v0xff0260_0 .net "id_val_rt_in", 15 0, L_0xffa770;  alias, 1 drivers
v0xff0340_0 .net "if_instr_in", 15 0, L_0xff9e80;  alias, 1 drivers
v0xff0430_0 .net "if_pc_in", 15 0, L_0xffa030;  alias, 1 drivers
v0xff04f0_0 .var "mem_alu_result_out", 15 0;
v0xff05e0_0 .var "mem_branch_taken_out", 0 0;
v0xff0680_0 .net "mem_link_jal_in", 0 0, v0xff0740_0;  alias, 1 drivers
v0xff0740_0 .var "mem_link_jal_out", 0 0;
v0xff0810_0 .var "mem_mem_read_out", 0 0;
v0xff08e0_0 .net "mem_mem_to_reg_in", 0 0, v0xff0980_0;  alias, 1 drivers
v0xff0980_0 .var "mem_mem_to_reg_out", 0 0;
v0xff0a50_0 .var "mem_mem_write_out", 0 0;
v0xff0b20_0 .var "mem_opcode_out", 3 0;
v0xff0bc0_0 .var "mem_pc_out", 15 0;
v0xff0c80_0 .var "mem_rd_out", 2 0;
v0xff0d60_0 .net "mem_read_data_in", 15 0, v0xfeb9e0_0;  alias, 1 drivers
v0xff0e50_0 .net "mem_reg_write_in", 0 0, v0xff0ef0_0;  alias, 1 drivers
v0xff0ef0_0 .var "mem_reg_write_out", 0 0;
v0xff0fc0_0 .var "mem_rt_out", 2 0;
v0xff1080_0 .var "mem_val_rt_out", 15 0;
v0xff1170_0 .net "rst", 0 0, v0xff8f80_0;  alias, 1 drivers
v0xfef800_0 .net "stall", 0 0, v0xfec430_0;  alias, 1 drivers
v0xfef8d0_0 .var "wb_alu_result_out", 15 0;
v0xff1620_0 .var "wb_link_jal_out", 0 0;
v0xff16c0_0 .var "wb_mem_to_reg_out", 0 0;
v0xff1760_0 .var "wb_opcode_out", 3 0;
v0xff1800_0 .var "wb_pc_out", 15 0;
v0xff18e0_0 .var "wb_rd_out", 2 0;
v0xff19c0_0 .var "wb_read_data_out", 15 0;
v0xff1aa0_0 .var "wb_reg_write_out", 0 0;
v0xff1b60_0 .var "wb_rt_out", 2 0;
E_0xfedd00 .event posedge, v0xff1170_0, v0xfe8d90_0;
S_0xfed390 .scope module, "regfile" "RegisterFile" 3 620, 3 95 0, S_0xfa41d0;
 .timescale -9 -12;
    .port_info 0 /INPUT 1 "clk";
    .port_info 1 /INPUT 1 "we";
    .port_info 2 /INPUT 3 "waddr";
    .port_info 3 /INPUT 16 "wdata";
    .port_info 4 /INPUT 3 "raddr1";
    .port_info 5 /INPUT 3 "raddr2";
    .port_info 6 /OUTPUT 16 "rdata1";
    .port_info 7 /OUTPUT 16 "rdata2";
L_0xffa4d0 .functor BUFZ 16, L_0xffa2f0, C4<0000000000000000>, C4<0000000000000000>, C4<0000000000000000>;
L_0xffa770 .functor BUFZ 16, L_0xffa590, C4<0000000000000000>, C4<0000000000000000>, C4<0000000000000000>;
v0xff28d0_0 .net *"_ivl_0", 15 0, L_0xffa2f0;  1 drivers
v0xff29b0_0 .net *"_ivl_10", 4 0, L_0xffa630;  1 drivers
L_0x7f930a91e0a8 .functor BUFT 1, C4<00>, C4<0>, C4<0>, C4<0>;
v0xff2ab0_0 .net *"_ivl_13", 1 0, L_0x7f930a91e0a8;  1 drivers
v0xff2b70_0 .net *"_ivl_2", 4 0, L_0xffa390;  1 drivers
L_0x7f930a91e060 .functor BUFT 1, C4<00>, C4<0>, C4<0>, C4<0>;
v0xff2c50_0 .net *"_ivl_5", 1 0, L_0x7f930a91e060;  1 drivers
v0xff2d80_0 .net *"_ivl_8", 15 0, L_0xffa590;  1 drivers
v0xff2e60_0 .net "clk", 0 0, v0xff8e50_0;  alias, 1 drivers
v0xff2f50_0 .var/i "i", 31 0;
v0xff3030_0 .net "raddr1", 2 0, L_0xff9040;  alias, 1 drivers
v0xff3180_0 .net "raddr2", 2 0, L_0xff9170;  alias, 1 drivers
v0xff3290_0 .net "rdata1", 15 0, L_0xffa4d0;  alias, 1 drivers
v0xff3350_0 .net "rdata2", 15 0, L_0xffa770;  alias, 1 drivers
v0xff33f0 .array "regs", 7 0, 15 0;
v0xff3490_0 .net "waddr", 2 0, L_0xffa830;  1 drivers
v0xff3570_0 .net "wdata", 15 0, L_0x100acf0;  1 drivers
v0xff3650_0 .net "we", 0 0, v0xff1aa0_0;  alias, 1 drivers
L_0xffa2f0 .array/port v0xff33f0, L_0xffa390;
L_0xffa390 .concat [ 3 2 0 0], L_0xff9040, L_0x7f930a91e060;
L_0xffa590 .array/port v0xff33f0, L_0xffa630;
L_0xffa630 .concat [ 3 2 0 0], L_0xff9170, L_0x7f930a91e0a8;
    .scope S_0xfec5f0;
T_0 ;
    %fork t_1, S_0xfec840;
    %jmp t_0;
    .scope S_0xfec840;
t_1 ;
    %pushi/vec4 0, 0, 32;
    %store/vec4 v0xfeca40_0, 0, 32;
T_0.0 ;
    %load/vec4 v0xfeca40_0;
    %cmpi/s 256, 0, 32;
    %jmp/0xz T_0.1, 5;
    %pushi/vec4 0, 0, 16;
    %ix/getv/s 4, v0xfeca40_0;
    %store/vec4a v0xfecff0, 4, 0;
    %load/vec4 v0xfeca40_0;
    %addi 1, 0, 32;
    %store/vec4 v0xfeca40_0, 0, 32;
    %jmp T_0.0;
T_0.1 ;
    %end;
    .scope S_0xfec5f0;
t_0 %join;
    %end;
    .thread T_0;
    .scope S_0xfe7580;
T_1 ;
    %wait E_0xfa5340;
    %pushi/vec4 0, 0, 1;
    %store/vec4 v0xfe7ef0_0, 0, 1;
    %pushi/vec4 0, 0, 1;
    %store/vec4 v0xfe7ac0_0, 0, 1;
    %pushi/vec4 0, 0, 1;
    %store/vec4 v0xfe7c90_0, 0, 1;
    %pushi/vec4 0, 0, 1;
    %store/vec4 v0xfe7b80_0, 0, 1;
    %pushi/vec4 0, 0, 1;
    %store/vec4 v0xfe7880_0, 0, 1;
    %pushi/vec4 0, 0, 1;
    %store/vec4 v0xfe7e30_0, 0, 1;
    %pushi/vec4 0, 0, 1;
    %store/vec4 v0xfe7a20_0, 0, 1;
    %pushi/vec4 0, 0, 1;
    %store/vec4 v0xfe7960_0, 0, 1;
    %load/vec4 v0xfe7d50_0;
    %dup/vec4;
    %pushi/vec4 0, 0, 4;
    %cmp/u;
    %jmp/1 T_1.0, 6;
    %dup/vec4;
    %pushi/vec4 1, 0, 4;
    %cmp/u;
    %jmp/1 T_1.1, 6;
    %dup/vec4;
    %pushi/vec4 2, 0, 4;
    %cmp/u;
    %jmp/1 T_1.2, 6;
    %dup/vec4;
    %pushi/vec4 3, 0, 4;
    %cmp/u;
    %jmp/1 T_1.3, 6;
    %dup/vec4;
    %pushi/vec4 4, 0, 4;
    %cmp/u;
    %jmp/1 T_1.4, 6;
    %dup/vec4;
    %pushi/vec4 5, 0, 4;
    %cmp/u;
    %jmp/1 T_1.5, 6;
    %dup/vec4;
    %pushi/vec4 6, 0, 4;
    %cmp/u;
    %jmp/1 T_1.6, 6;
    %dup/vec4;
    %pushi/vec4 7, 0, 4;
    %cmp/u;
    %jmp/1 T_1.7, 6;
    %dup/vec4;
    %pushi/vec4 8, 0, 4;
    %cmp/u;
    %jmp/1 T_1.8, 6;
    %dup/vec4;
    %pushi/vec4 9, 0, 4;
    %cmp/u;
    %jmp/1 T_1.9, 6;
    %dup/vec4;
    %pushi/vec4 10, 0, 4;
    %cmp/u;
    %jmp/1 T_1.10, 6;
    %dup/vec4;
    %pushi/vec4 11, 0, 4;
    %cmp/u;
    %jmp/1 T_1.11, 6;
    %dup/vec4;
    %pushi/vec4 12, 0, 4;
    %cmp/u;
    %jmp/1 T_1.12, 6;
    %dup/vec4;
    %pushi/vec4 13, 0, 4;
    %cmp/u;
    %jmp/1 T_1.13, 6;
    %dup/vec4;
    %pushi/vec4 14, 0, 4;
    %cmp/u;
    %jmp/1 T_1.14, 6;
    %jmp T_1.16;
T_1.0 ;
    %pushi/vec4 1, 0, 1;
    %store/vec4 v0xfe7ef0_0, 0, 1;
    %pushi/vec4 1, 0, 1;
    %store/vec4 v0xfe7e30_0, 0, 1;
    %jmp T_1.16;
T_1.1 ;
    %pushi/vec4 1, 0, 1;
    %store/vec4 v0xfe7ef0_0, 0, 1;
    %pushi/vec4 1, 0, 1;
    %store/vec4 v0xfe7e30_0, 0, 1;
    %jmp T_1.16;
T_1.2 ;
    %pushi/vec4 1, 0, 1;
    %store/vec4 v0xfe7ef0_0, 0, 1;
    %pushi/vec4 1, 0, 1;
    %store/vec4 v0xfe7e30_0, 0, 1;
    %jmp T_1.16;
T_1.3 ;
    %pushi/vec4 1, 0, 1;
    %store/vec4 v0xfe7ef0_0, 0, 1;
    %pushi/vec4 1, 0, 1;
    %store/vec4 v0xfe7e30_0, 0, 1;
    %jmp T_1.16;
T_1.4 ;
    %pushi/vec4 1, 0, 1;
    %store/vec4 v0xfe7ef0_0, 0, 1;
    %pushi/vec4 1, 0, 1;
    %store/vec4 v0xfe7e30_0, 0, 1;
    %jmp T_1.16;
T_1.5 ;
    %pushi/vec4 1, 0, 1;
    %store/vec4 v0xfe7ef0_0, 0, 1;
    %pushi/vec4 1, 0, 1;
    %store/vec4 v0xfe7e30_0, 0, 1;
    %jmp T_1.16;
T_1.6 ;
    %pushi/vec4 1, 0, 1;
    %store/vec4 v0xfe7ef0_0, 0, 1;
    %pushi/vec4 1, 0, 1;
    %store/vec4 v0xfe7e30_0, 0, 1;
    %jmp T_1.16;
T_1.7 ;
    %pushi/vec4 1, 0, 1;
    %store/vec4 v0xfe7ef0_0, 0, 1;
    %pushi/vec4 1, 0, 1;
    %store/vec4 v0xfe7880_0, 0, 1;
    %jmp T_1.16;
T_1.8 ;
    %pushi/vec4 1, 0, 1;
    %store/vec4 v0xfe7ef0_0, 0, 1;
    %pushi/vec4 1, 0, 1;
    %store/vec4 v0xfe7880_0, 0, 1;
    %pushi/vec4 1, 0, 1;
    %store/vec4 v0xfe7ac0_0, 0, 1;
    %pushi/vec4 1, 0, 1;
    %store/vec4 v0xfe7b80_0, 0, 1;
    %jmp T_1.16;
T_1.9 ;
    %pushi/vec4 1, 0, 1;
    %store/vec4 v0xfe7c90_0, 0, 1;
    %pushi/vec4 1, 0, 1;
    %store/vec4 v0xfe7880_0, 0, 1;
    %jmp T_1.16;
T_1.10 ;
    %pushi/vec4 1, 0, 1;
    %store/vec4 v0xfe7960_0, 0, 1;
    %jmp T_1.16;
T_1.11 ;
    %pushi/vec4 1, 0, 1;
    %store/vec4 v0xfe7960_0, 0, 1;
    %jmp T_1.16;
T_1.12 ;
    %pushi/vec4 1, 0, 1;
    %store/vec4 v0xfe7960_0, 0, 1;
    %load/vec4 v0xfe7d50_0;
    %cmpi/e 13, 0, 4;
    %jmp/0xz  T_1.17, 4;
    %pushi/vec4 1, 0, 1;
    %store/vec4 v0xfe7a20_0, 0, 1;
T_1.17 ;
    %jmp T_1.16;
T_1.13 ;
    %pushi/vec4 1, 0, 1;
    %store/vec4 v0xfe7960_0, 0, 1;
    %load/vec4 v0xfe7d50_0;
    %cmpi/e 13, 0, 4;
    %jmp/0xz  T_1.19, 4;
    %pushi/vec4 1, 0, 1;
    %store/vec4 v0xfe7a20_0, 0, 1;
T_1.19 ;
    %jmp T_1.16;
T_1.14 ;
    %pushi/vec4 1, 0, 1;
    %store/vec4 v0xfe7960_0, 0, 1;
    %load/vec4 v0xfe7d50_0;
    %cmpi/e 13, 0, 4;
    %jmp/0xz  T_1.21, 4;
    %pushi/vec4 1, 0, 1;
    %store/vec4 v0xfe7a20_0, 0, 1;
T_1.21 ;
    %jmp T_1.16;
T_1.16 ;
    %pop/vec4 1;
    %jmp T_1;
    .thread T_1, $push;
    .scope S_0xfed390;
T_2 ;
    %pushi/vec4 0, 0, 32;
    %store/vec4 v0xff2f50_0, 0, 32;
T_2.0 ;
    %load/vec4 v0xff2f50_0;
    %cmpi/s 8, 0, 32;
    %jmp/0xz T_2.1, 5;
    %pushi/vec4 0, 0, 16;
    %ix/getv/s 4, v0xff2f50_0;
    %store/vec4a v0xff33f0, 4, 0;
    %load/vec4 v0xff2f50_0;
    %addi 1, 0, 32;
    %store/vec4 v0xff2f50_0, 0, 32;
    %jmp T_2.0;
T_2.1 ;
    %end;
    .thread T_2;
    .scope S_0xfed390;
T_3 ;
    %wait E_0xfe8c30;
    %load/vec4 v0xff3650_0;
    %flag_set/vec4 9;
    %flag_get/vec4 9;
    %jmp/0 T_3.2, 9;
    %load/vec4 v0xff3490_0;
    %pad/u 32;
    %pushi/vec4 0, 0, 32;
    %cmp/ne;
    %flag_get/vec4 4;
    %and;
T_3.2;
    %flag_set/vec4 8;
    %jmp/0xz  T_3.0, 8;
    %load/vec4 v0xff3570_0;
    %load/vec4 v0xff3490_0;
    %pad/u 5;
    %ix/vec4 3;
    %ix/load 4, 0, 0; Constant delay
    %assign/vec4/a/d v0xff33f0, 0, 4;
T_3.0 ;
    %jmp T_3;
    .thread T_3;
    .scope S_0xfa4f10;
T_4 ;
    %wait E_0xfa8dd0;
    %load/vec4 v0xfe6d60_0;
    %parti/s 1, 5, 4;
    %cmpi/e 1, 0, 1;
    %jmp/0xz  T_4.0, 4;
    %pushi/vec4 1023, 0, 10;
    %load/vec4 v0xfe6d60_0;
    %concat/vec4; draw_concat_vec4
    %store/vec4 v0xfe6e40_0, 0, 16;
    %jmp T_4.1;
T_4.0 ;
    %pushi/vec4 0, 0, 10;
    %load/vec4 v0xfe6d60_0;
    %concat/vec4; draw_concat_vec4
    %store/vec4 v0xfe6e40_0, 0, 16;
T_4.1 ;
    %load/vec4 v0xfe7210_0;
    %store/vec4 v0xfe7050_0, 0, 16;
    %load/vec4 v0xfe7380_0;
    %store/vec4 v0xfe7130_0, 0, 16;
    %pushi/vec4 0, 0, 16;
    %store/vec4 v0xfe6bb0_0, 0, 16;
    %pushi/vec4 0, 0, 1;
    %store/vec4 v0xfe6c90_0, 0, 1;
    %load/vec4 v0xfafb00_0;
    %dup/vec4;
    %pushi/vec4 0, 0, 4;
    %cmp/u;
    %jmp/1 T_4.2, 6;
    %dup/vec4;
    %pushi/vec4 1, 0, 4;
    %cmp/u;
    %jmp/1 T_4.3, 6;
    %dup/vec4;
    %pushi/vec4 2, 0, 4;
    %cmp/u;
    %jmp/1 T_4.4, 6;
    %dup/vec4;
    %pushi/vec4 3, 0, 4;
    %cmp/u;
    %jmp/1 T_4.5, 6;
    %dup/vec4;
    %pushi/vec4 4, 0, 4;
    %cmp/u;
    %jmp/1 T_4.6, 6;
    %dup/vec4;
    %pushi/vec4 5, 0, 4;
    %cmp/u;
    %jmp/1 T_4.7, 6;
    %dup/vec4;
    %pushi/vec4 6, 0, 4;
    %cmp/u;
    %jmp/1 T_4.8, 6;
    %dup/vec4;
    %pushi/vec4 7, 0, 4;
    %cmp/u;
    %jmp/1 T_4.9, 6;
    %dup/vec4;
    %pushi/vec4 8, 0, 4;
    %cmp/u;
    %jmp/1 T_4.10, 6;
    %dup/vec4;
    %pushi/vec4 9, 0, 4;
    %cmp/u;
    %jmp/1 T_4.11, 6;
    %dup/vec4;
    %pushi/vec4 10, 0, 4;
    %cmp/u;
    %jmp/1 T_4.12, 6;
    %dup/vec4;
    %pushi/vec4 11, 0, 4;
    %cmp/u;
    %jmp/1 T_4.13, 6;
    %pushi/vec4 0, 0, 16;
    %store/vec4 v0xfe6bb0_0, 0, 16;
    %jmp T_4.15;
T_4.2 ;
    %load/vec4 v0xfe7210_0;
    %load/vec4 v0xfe7380_0;
    %add;
    %store/vec4 v0xfe6bb0_0, 0, 16;
    %jmp T_4.15;
T_4.3 ;
    %load/vec4 v0xfe7210_0;
    %load/vec4 v0xfe7380_0;
    %sub;
    %store/vec4 v0xfe6bb0_0, 0, 16;
    %jmp T_4.15;
T_4.4 ;
    %load/vec4 v0xfe7210_0;
    %load/vec4 v0xfe7380_0;
    %and;
    %store/vec4 v0xfe6bb0_0, 0, 16;
    %jmp T_4.15;
T_4.5 ;
    %load/vec4 v0xfe7210_0;
    %load/vec4 v0xfe7380_0;
    %or;
    %store/vec4 v0xfe6bb0_0, 0, 16;
    %jmp T_4.15;
T_4.6 ;
    %load/vec4 v0xfe7050_0;
    %load/vec4 v0xfe7130_0;
    %cmp/s;
    %flag_mov 8, 5;
    %jmp/0 T_4.16, 8;
    %pushi/vec4 1, 0, 16;
    %jmp/1 T_4.17, 8;
T_4.16 ; End of true expr.
    %pushi/vec4 0, 0, 16;
    %jmp/0 T_4.17, 8;
 ; End of false expr.
    %blend;
T_4.17;
    %store/vec4 v0xfe6bb0_0, 0, 16;
    %jmp T_4.15;
T_4.7 ;
    %load/vec4 v0xfe7380_0;
    %ix/getv 4, v0xfe6f70_0;
    %shiftl 4;
    %store/vec4 v0xfe6bb0_0, 0, 16;
    %jmp T_4.15;
T_4.8 ;
    %load/vec4 v0xfe7380_0;
    %ix/getv 4, v0xfe6f70_0;
    %shiftr 4;
    %store/vec4 v0xfe6bb0_0, 0, 16;
    %jmp T_4.15;
T_4.9 ;
    %load/vec4 v0xfe7210_0;
    %load/vec4 v0xfe6e40_0;
    %add;
    %store/vec4 v0xfe6bb0_0, 0, 16;
    %jmp T_4.15;
T_4.10 ;
    %load/vec4 v0xfe7210_0;
    %load/vec4 v0xfe6e40_0;
    %add;
    %store/vec4 v0xfe6bb0_0, 0, 16;
    %jmp T_4.15;
T_4.11 ;
    %load/vec4 v0xfe7210_0;
    %load/vec4 v0xfe6e40_0;
    %add;
    %store/vec4 v0xfe6bb0_0, 0, 16;
    %jmp T_4.15;
T_4.12 ;
    %load/vec4 v0xfe7210_0;
    %load/vec4 v0xfe7380_0;
    %cmp/e;
    %jmp/0xz  T_4.18, 4;
    %pushi/vec4 1, 0, 1;
    %store/vec4 v0xfe6c90_0, 0, 1;
T_4.18 ;
    %jmp T_4.15;
T_4.13 ;
    %load/vec4 v0xfe7210_0;
    %load/vec4 v0xfe7380_0;
    %cmp/ne;
    %jmp/0xz  T_4.20, 4;
    %pushi/vec4 1, 0, 1;
    %store/vec4 v0xfe6c90_0, 0, 1;
T_4.20 ;
    %jmp T_4.15;
T_4.15 ;
    %pop/vec4 1;
    %jmp T_4;
    .thread T_4, $push;
    .scope S_0xfe8160;
T_5 ;
    %pushi/vec4 0, 0, 32;
    %store/vec4 v0xfe8e50_0, 0, 32;
T_5.0 ;
    %load/vec4 v0xfe8e50_0;
    %cmpi/s 256, 0, 32;
    %jmp/0xz T_5.1, 5;
    %pushi/vec4 0, 0, 16;
    %ix/getv/s 4, v0xfe8e50_0;
    %store/vec4a v0xfe8f40, 4, 0;
    %load/vec4 v0xfe8e50_0;
    %addi 1, 0, 32;
    %store/vec4 v0xfe8e50_0, 0, 32;
    %jmp T_5.0;
T_5.1 ;
    %pushi/vec4 0, 0, 16;
    %store/vec4 v0xfeb9e0_0, 0, 16;
    %end;
    .thread T_5;
    .scope S_0xfe8160;
T_6 ;
    %wait E_0xfe8c30;
    %load/vec4 v0xfeb920_0;
    %flag_set/vec4 8;
    %jmp/0xz  T_6.0, 8;
    %load/vec4 v0xfebac0_0;
    %load/vec4 v0xfe8c90_0;
    %parti/s 8, 0, 2;
    %pad/u 10;
    %ix/vec4 3;
    %ix/load 4, 0, 0; Constant delay
    %assign/vec4/a/d v0xfe8f40, 0, 4;
T_6.0 ;
    %jmp T_6;
    .thread T_6;
    .scope S_0xfe8160;
T_7 ;
    %wait E_0xfe83d0;
    %load/vec4 v0xfeb810_0;
    %flag_set/vec4 8;
    %jmp/0xz  T_7.0, 8;
    %load/vec4 v0xfe8c90_0;
    %parti/s 8, 0, 2;
    %pad/u 10;
    %ix/vec4 4;
    %load/vec4a v0xfe8f40, 4;
    %store/vec4 v0xfeb9e0_0, 0, 16;
    %jmp T_7.1;
T_7.0 ;
    %pushi/vec4 0, 0, 16;
    %store/vec4 v0xfeb9e0_0, 0, 16;
T_7.1 ;
    %jmp T_7;
    .thread T_7, $push;
    .scope S_0xfed110;
T_8 ;
    %wait E_0xfedd00;
    %load/vec4 v0xff1170_0;
    %flag_set/vec4 8;
    %jmp/0xz  T_8.0, 8;
    %pushi/vec4 0, 0, 16;
    %assign/vec4 v0xfef5b0_0, 0;
    %pushi/vec4 0, 0, 16;
    %assign/vec4 v0xfefc80_0, 0;
    %jmp T_8.1;
T_8.0 ;
    %load/vec4 v0xfef280_0;
    %flag_set/vec4 8;
    %jmp/0xz  T_8.2, 8;
    %pushi/vec4 0, 0, 16;
    %assign/vec4 v0xfef5b0_0, 0;
    %pushi/vec4 0, 0, 16;
    %assign/vec4 v0xfefc80_0, 0;
    %jmp T_8.3;
T_8.2 ;
    %load/vec4 v0xfef800_0;
    %nor/r;
    %flag_set/vec4 8;
    %jmp/0xz  T_8.4, 8;
    %load/vec4 v0xff0340_0;
    %assign/vec4 v0xfef5b0_0, 0;
    %load/vec4 v0xff0430_0;
    %assign/vec4 v0xfefc80_0, 0;
    %jmp T_8.5;
T_8.4 ;
    %load/vec4 v0xfef5b0_0;
    %assign/vec4 v0xfef5b0_0, 0;
    %load/vec4 v0xfefc80_0;
    %assign/vec4 v0xfefc80_0, 0;
T_8.5 ;
T_8.3 ;
T_8.1 ;
    %jmp T_8;
    .thread T_8;
    .scope S_0xfed110;
T_9 ;
    %wait E_0xfedd00;
    %load/vec4 v0xff1170_0;
    %flag_set/vec4 8;
    %jmp/1 T_9.2, 8;
    %load/vec4 v0xfef280_0;
    %flag_set/vec4 9;
    %flag_or 8, 9;
T_9.2;
    %jmp/0xz  T_9.0, 8;
    %pushi/vec4 15, 0, 4;
    %assign/vec4 v0xfee930_0, 0;
    %pushi/vec4 0, 0, 16;
    %assign/vec4 v0xfef0f0_0, 0;
    %pushi/vec4 0, 0, 16;
    %assign/vec4 v0xfef1c0_0, 0;
    %pushi/vec4 0, 0, 3;
    %assign/vec4 v0xfeee70_0, 0;
    %pushi/vec4 0, 0, 3;
    %assign/vec4 v0xfeef30_0, 0;
    %pushi/vec4 0, 0, 3;
    %assign/vec4 v0xfeebd0_0, 0;
    %pushi/vec4 0, 0, 3;
    %assign/vec4 v0xfef020_0, 0;
    %pushi/vec4 0, 0, 6;
    %assign/vec4 v0xfee180_0, 0;
    %pushi/vec4 0, 0, 12;
    %assign/vec4 v0xfede30_0, 0;
    %pushi/vec4 0, 0, 1;
    %assign/vec4 v0xfeedd0_0, 0;
    %pushi/vec4 0, 0, 1;
    %assign/vec4 v0xfee5e0_0, 0;
    %pushi/vec4 0, 0, 1;
    %assign/vec4 v0xfee860_0, 0;
    %pushi/vec4 0, 0, 1;
    %assign/vec4 v0xfee720_0, 0;
    %pushi/vec4 0, 0, 1;
    %assign/vec4 v0xfedff0_0, 0;
    %pushi/vec4 0, 0, 1;
    %assign/vec4 v0xfeec70_0, 0;
    %pushi/vec4 0, 0, 1;
    %assign/vec4 v0xfee3b0_0, 0;
    %pushi/vec4 0, 0, 1;
    %assign/vec4 v0xfee250_0, 0;
    %pushi/vec4 0, 0, 16;
    %assign/vec4 v0xfeea20_0, 0;
    %jmp T_9.1;
T_9.0 ;
    %load/vec4 v0xfef800_0;
    %nor/r;
    %flag_set/vec4 8;
    %jmp/0xz  T_9.3, 8;
    %load/vec4 v0xfefbb0_0;
    %assign/vec4 v0xfee930_0, 0;
    %load/vec4 v0xff01a0_0;
    %assign/vec4 v0xfef0f0_0, 0;
    %load/vec4 v0xff0260_0;
    %assign/vec4 v0xfef1c0_0, 0;
    %load/vec4 v0xfeff60_0;
    %assign/vec4 v0xfeee70_0, 0;
    %load/vec4 v0xff0030_0;
    %assign/vec4 v0xfeef30_0, 0;
    %load/vec4 v0xfefd20_0;
    %assign/vec4 v0xfeebd0_0, 0;
    %load/vec4 v0xff0100_0;
    %assign/vec4 v0xfef020_0, 0;
    %load/vec4 v0xfef4f0_0;
    %assign/vec4 v0xfee180_0, 0;
    %load/vec4 v0xfef340_0;
    %assign/vec4 v0xfede30_0, 0;
    %load/vec4 v0xfefe90_0;
    %assign/vec4 v0xfeedd0_0, 0;
    %load/vec4 v0xfeeaf0_0;
    %assign/vec4 v0xfee5e0_0, 0;
    %load/vec4 v0xfefae0_0;
    %assign/vec4 v0xfee860_0, 0;
    %load/vec4 v0xfefa10_0;
    %assign/vec4 v0xfee720_0, 0;
    %load/vec4 v0xfef420_0;
    %assign/vec4 v0xfedff0_0, 0;
    %load/vec4 v0xfefdc0_0;
    %assign/vec4 v0xfeec70_0, 0;
    %load/vec4 v0xfef760_0;
    %assign/vec4 v0xfee3b0_0, 0;
    %load/vec4 v0xfef690_0;
    %assign/vec4 v0xfee250_0, 0;
    %load/vec4 v0xfefc80_0;
    %assign/vec4 v0xfeea20_0, 0;
    %jmp T_9.4;
T_9.3 ;
    %load/vec4 v0xfee930_0;
    %assign/vec4 v0xfee930_0, 0;
T_9.4 ;
T_9.1 ;
    %jmp T_9;
    .thread T_9;
    .scope S_0xfed110;
T_10 ;
    %wait E_0xfedd00;
    %load/vec4 v0xff1170_0;
    %flag_set/vec4 8;
    %jmp/0xz  T_10.0, 8;
    %pushi/vec4 0, 0, 16;
    %assign/vec4 v0xff04f0_0, 0;
    %pushi/vec4 0, 0, 1;
    %assign/vec4 v0xff05e0_0, 0;
    %pushi/vec4 0, 0, 1;
    %assign/vec4 v0xff0ef0_0, 0;
    %pushi/vec4 0, 0, 1;
    %assign/vec4 v0xff0810_0, 0;
    %pushi/vec4 0, 0, 1;
    %assign/vec4 v0xff0a50_0, 0;
    %pushi/vec4 0, 0, 1;
    %assign/vec4 v0xff0980_0, 0;
    %pushi/vec4 0, 0, 1;
    %assign/vec4 v0xff0740_0, 0;
    %pushi/vec4 0, 0, 3;
    %assign/vec4 v0xff0c80_0, 0;
    %pushi/vec4 0, 0, 3;
    %assign/vec4 v0xff0fc0_0, 0;
    %pushi/vec4 0, 0, 16;
    %assign/vec4 v0xff1080_0, 0;
    %pushi/vec4 0, 0, 16;
    %assign/vec4 v0xff0bc0_0, 0;
    %pushi/vec4 15, 0, 4;
    %assign/vec4 v0xff0b20_0, 0;
    %jmp T_10.1;
T_10.0 ;
    %load/vec4 v0xfedef0_0;
    %assign/vec4 v0xff04f0_0, 0;
    %load/vec4 v0xfee090_0;
    %assign/vec4 v0xff05e0_0, 0;
    %load/vec4 v0xfeed10_0;
    %assign/vec4 v0xff0ef0_0, 0;
    %load/vec4 v0xfee510_0;
    %assign/vec4 v0xff0810_0, 0;
    %load/vec4 v0xfee7c0_0;
    %assign/vec4 v0xff0a50_0, 0;
    %load/vec4 v0xfee680_0;
    %assign/vec4 v0xff0980_0, 0;
    %load/vec4 v0xfee2f0_0;
    %assign/vec4 v0xff0740_0, 0;
    %load/vec4 v0xfeec70_0;
    %flag_set/vec4 8;
    %jmp/0 T_10.2, 8;
    %load/vec4 v0xfeebd0_0;
    %jmp/1 T_10.3, 8;
T_10.2 ; End of true expr.
    %load/vec4 v0xfeef30_0;
    %jmp/0 T_10.3, 8;
 ; End of false expr.
    %blend;
T_10.3;
    %assign/vec4 v0xff0c80_0, 0;
    %load/vec4 v0xfeef30_0;
    %assign/vec4 v0xff0fc0_0, 0;
    %load/vec4 v0xfef1c0_0;
    %assign/vec4 v0xff1080_0, 0;
    %load/vec4 v0xfeea20_0;
    %assign/vec4 v0xff0bc0_0, 0;
    %load/vec4 v0xfee930_0;
    %assign/vec4 v0xff0b20_0, 0;
T_10.1 ;
    %jmp T_10;
    .thread T_10;
    .scope S_0xfed110;
T_11 ;
    %wait E_0xfedd00;
    %load/vec4 v0xff1170_0;
    %flag_set/vec4 8;
    %jmp/0xz  T_11.0, 8;
    %pushi/vec4 0, 0, 16;
    %assign/vec4 v0xfef8d0_0, 0;
    %pushi/vec4 0, 0, 16;
    %assign/vec4 v0xff19c0_0, 0;
    %pushi/vec4 0, 0, 1;
    %assign/vec4 v0xff1aa0_0, 0;
    %pushi/vec4 0, 0, 1;
    %assign/vec4 v0xff16c0_0, 0;
    %pushi/vec4 0, 0, 1;
    %assign/vec4 v0xff1620_0, 0;
    %pushi/vec4 0, 0, 3;
    %assign/vec4 v0xff18e0_0, 0;
    %pushi/vec4 0, 0, 3;
    %assign/vec4 v0xff1b60_0, 0;
    %pushi/vec4 15, 0, 4;
    %assign/vec4 v0xff1760_0, 0;
    %pushi/vec4 0, 0, 16;
    %assign/vec4 v0xff1800_0, 0;
    %jmp T_11.1;
T_11.0 ;
    %load/vec4 v0xff04f0_0;
    %assign/vec4 v0xfef8d0_0, 0;
    %load/vec4 v0xff0d60_0;
    %assign/vec4 v0xff19c0_0, 0;
    %load/vec4 v0xff0e50_0;
    %assign/vec4 v0xff1aa0_0, 0;
    %load/vec4 v0xff08e0_0;
    %assign/vec4 v0xff16c0_0, 0;
    %load/vec4 v0xff0680_0;
    %assign/vec4 v0xff1620_0, 0;
    %load/vec4 v0xff0c80_0;
    %assign/vec4 v0xff18e0_0, 0;
    %load/vec4 v0xff0fc0_0;
    %assign/vec4 v0xff1b60_0, 0;
    %load/vec4 v0xff0b20_0;
    %assign/vec4 v0xff1760_0, 0;
    %load/vec4 v0xff0bc0_0;
    %assign/vec4 v0xff1800_0, 0;
T_11.1 ;
    %jmp T_11;
    .thread T_11;
    .scope S_0xfebca0;
T_12 ;
    %wait E_0xfebf20;
    %pushi/vec4 0, 0, 1;
    %store/vec4 v0xfec430_0, 0, 1;
    %load/vec4 v0xfebf80_0;
    %cmpi/e 1, 0, 1;
    %jmp/0xz  T_12.0, 4;
    %load/vec4 v0xfec150_0;
    %load/vec4 v0xfec220_0;
    %cmp/e;
    %jmp/1 T_12.4, 4;
    %flag_mov 8, 4;
    %load/vec4 v0xfec150_0;
    %load/vec4 v0xfec300_0;
    %cmp/e;
    %flag_or 4, 8;
T_12.4;
    %jmp/0xz  T_12.2, 4;
    %pushi/vec4 1, 0, 1;
    %store/vec4 v0xfec430_0, 0, 1;
T_12.2 ;
T_12.0 ;
    %jmp T_12;
    .thread T_12, $push;
    .scope S_0xfa41d0;
T_13 ;
    %wait E_0xf3c990;
    %pushi/vec4 0, 0, 1;
    %store/vec4 v0xff6c70_0, 0, 1;
    %load/vec4 v0xff6040_0;
    %flag_set/vec4 8;
    %jmp/0xz  T_13.0, 8;
    %load/vec4 v0xff64f0_0;
    %cmpi/e 12, 0, 4;
    %jmp/0xz  T_13.2, 4;
    %pushi/vec4 1, 0, 1;
    %store/vec4 v0xff6c70_0, 0, 1;
    %jmp T_13.3;
T_13.2 ;
    %load/vec4 v0xff64f0_0;
    %cmpi/e 13, 0, 4;
    %jmp/0xz  T_13.4, 4;
    %pushi/vec4 1, 0, 1;
    %store/vec4 v0xff6c70_0, 0, 1;
    %jmp T_13.5;
T_13.4 ;
    %load/vec4 v0xff64f0_0;
    %cmpi/e 14, 0, 4;
    %jmp/0xz  T_13.6, 4;
    %pushi/vec4 1, 0, 1;
    %store/vec4 v0xff6c70_0, 0, 1;
    %jmp T_13.7;
T_13.6 ;
    %load/vec4 v0xff64f0_0;
    %cmpi/e 10, 0, 4;
    %jmp/1 T_13.11, 4;
    %flag_mov 9, 4;
    %load/vec4 v0xff64f0_0;
    %cmpi/e 11, 0, 4;
    %flag_or 4, 9;
T_13.11;
    %flag_get/vec4 4;
    %jmp/0 T_13.10, 4;
    %load/vec4 v0xff5340_0;
    %and;
T_13.10;
    %flag_set/vec4 8;
    %jmp/0xz  T_13.8, 8;
    %pushi/vec4 1, 0, 1;
    %store/vec4 v0xff6c70_0, 0, 1;
T_13.8 ;
T_13.7 ;
T_13.5 ;
T_13.3 ;
T_13.0 ;
    %jmp T_13;
    .thread T_13, $push;
    .scope S_0xfa41d0;
T_14 ;
    %wait E_0xfedd00;
    %load/vec4 v0xff8510_0;
    %flag_set/vec4 8;
    %jmp/0xz  T_14.0, 8;
    %pushi/vec4 0, 0, 16;
    %assign/vec4 v0xff8350_0, 0;
    %jmp T_14.1;
T_14.0 ;
    %load/vec4 v0xff6d10_0;
    %flag_set/vec4 8;
    %jmp/0xz  T_14.2, 8;
    %load/vec4 v0xff8350_0;
    %assign/vec4 v0xff8350_0, 0;
    %jmp T_14.3;
T_14.2 ;
    %load/vec4 v0xff6c70_0;
    %flag_set/vec4 8;
    %jmp/0xz  T_14.4, 8;
    %load/vec4 v0xff8430_0;
    %assign/vec4 v0xff8350_0, 0;
    %jmp T_14.5;
T_14.4 ;
    %load/vec4 v0xff8430_0;
    %assign/vec4 v0xff8350_0, 0;
T_14.5 ;
T_14.3 ;
T_14.1 ;
    %jmp T_14;
    .thread T_14;
    .scope S_0xfa4a90;
T_15 ;
    %pushi/vec4 0, 0, 1;
    %store/vec4 v0xff8e50_0, 0, 1;
T_15.0 ;
    %delay 5000, 0;
    %load/vec4 v0xff8e50_0;
    %inv;
    %store/vec4 v0xff8e50_0, 0, 1;
    %jmp T_15.0;
    %end;
    .thread T_15;
    .scope S_0xfa4a90;
T_16 ;
    %pushi/vec4 1, 0, 1;
    %store/vec4 v0xff8f80_0, 0, 1;
    %delay 20000, 0;
    %pushi/vec4 0, 0, 1;
    %store/vec4 v0xff8f80_0, 0, 1;
    %pushi/vec4 8, 0, 16;
    %ix/load 4, 0, 0;
    %flag_set/imm 4, 0;
    %store/vec4a v0xfecff0, 4, 0;
    %pushi/vec4 29317, 0, 16;
    %ix/load 4, 1, 0;
    %flag_set/imm 4, 0;
    %store/vec4a v0xfecff0, 4, 0;
    %pushi/vec4 1176, 0, 16;
    %ix/load 4, 2, 0;
    %flag_set/imm 4, 0;
    %store/vec4a v0xfecff0, 4, 0;
    %pushi/vec4 37056, 0, 16;
    %ix/load 4, 3, 0;
    %flag_set/imm 4, 0;
    %store/vec4a v0xfecff0, 4, 0;
    %pushi/vec4 33024, 0, 16;
    %ix/load 4, 4, 0;
    %flag_set/imm 4, 0;
    %store/vec4a v0xfecff0, 4, 0;
    %pushi/vec4 49194, 0, 16;
    %ix/load 4, 5, 0;
    %flag_set/imm 4, 0;
    %store/vec4a v0xfecff0, 4, 0;
    %pushi/vec4 0, 0, 16;
    %ix/load 4, 10, 0;
    %flag_set/imm 4, 0;
    %store/vec4a v0xfecff0, 4, 0;
    %delay 600000, 0;
    %vpi_call/w 4 64 "$finish" {0 0 0};
    %end;
    .thread T_16;
    .scope S_0xfa4a90;
T_17 ;
    %vpi_call/w 4 69 "$dumpfile", "risc_pipeline.vcd" {0 0 0};
    %vpi_call/w 4 70 "$dumpvars", 32'sb00000000000000000000000000000000, S_0xfa4a90 {0 0 0};
    %end;
    .thread T_17;
# The file index is used to find the file name in the following table.
:file_names 5;
    "N/A";
    "<interactive>";
    "-";
    "design.sv";
    "testbench.sv";
